{"log_type":0,"peer_id":1,"match_info":{}}
{"frame_type":2,"tick":-2,"start_time":1705854803596,"end_time":1705854803596,"duration":0.015,"log_type":1}
{"frame_type":1,"tick":-1,"start_time":1705854803602,"input_complete_tick":0,"state_complete_tick":0,"input_tick":1,"end_time":1705854803602,"duration":0.117,"log_type":1}
{"log_type":3,"tick":1,"input":{"1":{"/root/RpcGame/ServerPlayer":{"input_vector_x":0,"input_vector_y":0},"$":2082077540}}}
{"frame_type":2,"tick":-1,"start_time":1705854803602,"end_time":1705854803602,"duration":0.036,"log_type":1}
{"frame_type":2,"tick":-1,"start_time":1705854803609,"end_time":1705854803609,"duration":0.01,"log_type":1}
{"frame_type":2,"tick":-1,"start_time":1705854803616,"end_time":1705854803616,"duration":0.01,"log_type":1}
{"frame_type":1,"tick":0,"start_time":1705854803623,"input_complete_tick":1,"state_complete_tick":0,"input_tick":2,"end_time":1705854803623,"duration":0.081,"log_type":1}
{"log_type":3,"tick":2,"input":{"1":{"/root/RpcGame/ServerPlayer":{"input_vector_x":0,"input_vector_y":0},"$":2082077540}}}
{"frame_type":2,"tick":0,"start_time":1705854803623,"end_time":1705854803623,"duration":0.027,"log_type":1}
{"frame_type":2,"tick":0,"start_time":1705854803630,"end_time":1705854803630,"duration":0.008,"log_type":1}
{"log_type":2,"tick":0,"state":{"/root/SyncManager/SpawnManager":{"spawn_records":{},"counter":{}},"/root/RpcGame/ServerPlayer":{"fixed_position_x":9633792,"fixed_position_y":20905984,"velocity_x":0,"velocity_y":0,"is_on_floor":false,"teleporting":false},"/root/RpcGame/ServerPlayer/NetworkRandomNumberGenerator":{"state":8250955699643033414},"/root/RpcGame/ClientPlayer":{"fixed_position_x":50397184,"fixed_position_y":20905984,"velocity_x":0,"velocity_y":0,"is_on_floor":false,"teleporting":false},"/root/RpcGame/ClientPlayer/NetworkRandomNumberGenerator":{"state":5078045508736938332},"/root/RpcGame/Johnny":{"state":2302453309315703504},"$":953975788}}
{"frame_type":1,"tick":1,"start_time":1705854803637,"input_complete_tick":2,"state_complete_tick":0,"input_tick":3,"timings":{"current_tick":0.105},"end_time":1705854803637,"duration":0.32,"log_type":1}
{"log_type":3,"tick":3,"input":{"1":{"/root/RpcGame/ServerPlayer":{"input_vector_x":0,"input_vector_y":0},"$":2082077540}}}
{"log_type":2,"tick":1,"state":{"/root/SyncManager/SpawnManager":{"spawn_records":{},"counter":{}},"/root/RpcGame/ServerPlayer":{"fixed_position_x":9633792,"fixed_position_y":20938752,"velocity_x":0,"velocity_y":32768,"is_on_floor":false,"teleporting":false},"/root/RpcGame/ServerPlayer/NetworkRandomNumberGenerator":{"state":8250955699643033414},"/root/RpcGame/ClientPlayer":{"fixed_position_x":50397184,"fixed_position_y":20938752,"velocity_x":0,"velocity_y":32768,"is_on_floor":false,"teleporting":false},"/root/RpcGame/ClientPlayer/NetworkRandomNumberGenerator":{"state":5078045508736938332},"/root/RpcGame/Johnny":{"state":2302453309315703504},"$":1809744876}}
{"frame_type":2,"tick":1,"start_time":1705854803638,"end_time":1705854803638,"duration":0.111,"log_type":1}
{"frame_type":2,"tick":1,"start_time":1705854803644,"end_time":1705854803644,"duration":0.009,"log_type":1}
{"frame_type":1,"tick":2,"start_time":1705854803651,"input_complete_tick":3,"state_complete_tick":1,"input_tick":4,"timings":{"current_tick":0.176},"end_time":1705854803651,"duration":0.258,"log_type":1}
{"log_type":3,"tick":4,"input":{"1":{"/root/RpcGame/ServerPlayer":{"input_vector_x":0,"input_vector_y":0},"$":2082077540}}}
{"log_type":2,"tick":2,"state":{"/root/SyncManager/SpawnManager":{"spawn_records":{},"counter":{}},"/root/RpcGame/ServerPlayer":{"fixed_position_x":9633792,"fixed_position_y":21004288,"velocity_x":0,"velocity_y":65536,"is_on_floor":false,"teleporting":false},"/root/RpcGame/ServerPlayer/NetworkRandomNumberGenerator":{"state":8250955699643033414},"/root/RpcGame/ClientPlayer":{"fixed_position_x":50397184,"fixed_position_y":21004288,"velocity_x":0,"velocity_y":65536,"is_on_floor":false,"teleporting":false},"/root/RpcGame/ClientPlayer/NetworkRandomNumberGenerator":{"state":5078045508736938332},"/root/RpcGame/Johnny":{"state":2302453309315703504},"$":346129388}}
{"frame_type":2,"tick":2,"start_time":1705854803651,"end_time":1705854803651,"duration":0.115,"log_type":1}
{"frame_type":2,"tick":2,"start_time":1705854803658,"end_time":1705854803658,"duration":0.011,"log_type":1}
{"frame_type":2,"tick":2,"start_time":1705854803665,"end_time":1705854803665,"duration":0.01,"log_type":1}
{"frame_type":1,"tick":3,"start_time":1705854803672,"input_complete_tick":4,"state_complete_tick":2,"rollback_ticks":1,"timings":{"rollback":0.22,"current_tick":0.075},"input_tick":5,"end_time":1705854803672,"duration":0.369,"log_type":1}
{"log_type":3,"tick":5,"input":{"1":{"/root/RpcGame/ServerPlayer":{"input_vector_x":0,"input_vector_y":0},"$":2082077540}}}
{"log_type":2,"tick":3,"state":{"/root/SyncManager/SpawnManager":{"spawn_records":{},"counter":{}},"/root/RpcGame/ServerPlayer":{"fixed_position_x":9633792,"fixed_position_y":21102592,"velocity_x":0,"velocity_y":98304,"is_on_floor":false,"teleporting":false},"/root/RpcGame/ServerPlayer/NetworkRandomNumberGenerator":{"state":8250955699643033414},"/root/RpcGame/ClientPlayer":{"fixed_position_x":50397184,"fixed_position_y":21102592,"velocity_x":0,"velocity_y":98304,"is_on_floor":false,"teleporting":false},"/root/RpcGame/ClientPlayer/NetworkRandomNumberGenerator":{"state":5078045508736938332},"/root/RpcGame/Johnny":{"state":2302453309315703504},"$":858096620}}
{"frame_type":2,"tick":3,"start_time":1705854803672,"end_time":1705854803672,"duration":0.109,"log_type":1}
{"frame_type":2,"tick":3,"start_time":1705854803678,"end_time":1705854803678,"duration":0.008,"log_type":1}
{"frame_type":1,"tick":4,"start_time":1705854803685,"input_complete_tick":5,"state_complete_tick":3,"input_tick":6,"timings":{"current_tick":0.095},"end_time":1705854803686,"duration":0.168,"log_type":1}
{"log_type":3,"tick":6,"input":{"1":{"/root/RpcGame/ServerPlayer":{"input_vector_x":0,"input_vector_y":0},"$":2082077540}}}
{"log_type":2,"tick":4,"state":{"/root/SyncManager/SpawnManager":{"spawn_records":{},"counter":{}},"/root/RpcGame/ServerPlayer":{"fixed_position_x":9633792,"fixed_position_y":21233664,"velocity_x":0,"velocity_y":131072,"is_on_floor":false,"teleporting":false},"/root/RpcGame/ServerPlayer/NetworkRandomNumberGenerator":{"state":8250955699643033414},"/root/RpcGame/ClientPlayer":{"fixed_position_x":50397184,"fixed_position_y":21233664,"velocity_x":0,"velocity_y":131072,"is_on_floor":false,"teleporting":false},"/root/RpcGame/ClientPlayer/NetworkRandomNumberGenerator":{"state":5078045508736938332},"/root/RpcGame/Johnny":{"state":2302453309315703504},"$":3345646572}}
{"frame_type":2,"tick":4,"start_time":1705854803686,"end_time":1705854803686,"duration":0.112,"log_type":1}
{"frame_type":2,"tick":4,"start_time":1705854803692,"end_time":1705854803692,"duration":0.009,"log_type":1}
{"frame_type":1,"tick":5,"start_time":1705854803699,"input_complete_tick":6,"state_complete_tick":4,"input_tick":7,"timings":{"current_tick":0.142},"end_time":1705854803700,"duration":0.261,"log_type":1}
{"log_type":3,"tick":7,"input":{"1":{"/root/RpcGame/ServerPlayer":{"input_vector_x":0,"input_vector_y":0},"$":2082077540}}}
{"log_type":2,"tick":5,"state":{"/root/SyncManager/SpawnManager":{"spawn_records":{},"counter":{}},"/root/RpcGame/ServerPlayer":{"fixed_position_x":9633792,"fixed_position_y":21397504,"velocity_x":0,"velocity_y":163840,"is_on_floor":false,"teleporting":false},"/root/RpcGame/ServerPlayer/NetworkRandomNumberGenerator":{"state":8250955699643033414},"/root/RpcGame/ClientPlayer":{"fixed_position_x":50397184,"fixed_position_y":21397504,"velocity_x":0,"velocity_y":163840,"is_on_floor":false,"teleporting":false},"/root/RpcGame/ClientPlayer/NetworkRandomNumberGenerator":{"state":5078045508736938332},"/root/RpcGame/Johnny":{"state":2302453309315703504},"$":3513811948}}
{"frame_type":2,"tick":5,"start_time":1705854803700,"end_time":1705854803700,"duration":0.141,"log_type":1}
{"frame_type":2,"tick":5,"start_time":1705854803706,"end_time":1705854803706,"duration":0.009,"log_type":1}
{"frame_type":2,"tick":5,"start_time":1705854803713,"end_time":1705854803713,"duration":0.009,"log_type":1}
{"frame_type":1,"tick":6,"start_time":1705854803720,"input_complete_tick":7,"state_complete_tick":5,"rollback_ticks":5,"timings":{"rollback":0.528,"current_tick":0.084},"input_tick":8,"end_time":1705854803721,"duration":0.689,"log_type":1}
{"log_type":3,"tick":8,"input":{"1":{"/root/RpcGame/ServerPlayer":{"input_vector_x":0,"input_vector_y":0},"$":2082077540}}}
{"log_type":2,"tick":6,"state":{"/root/SyncManager/SpawnManager":{"spawn_records":{},"counter":{}},"/root/RpcGame/ServerPlayer":{"fixed_position_x":9633792,"fixed_position_y":21594112,"velocity_x":0,"velocity_y":196608,"is_on_floor":false,"teleporting":false},"/root/RpcGame/ServerPlayer/NetworkRandomNumberGenerator":{"state":8250955699643033414},"/root/RpcGame/ClientPlayer":{"fixed_position_x":50397184,"fixed_position_y":21594112,"velocity_x":0,"velocity_y":196608,"is_on_floor":false,"teleporting":false},"/root/RpcGame/ClientPlayer/NetworkRandomNumberGenerator":{"state":5078045508736938332},"/root/RpcGame/Johnny":{"state":2302453309315703504},"$":1362592748}}
{"frame_type":2,"tick":6,"start_time":1705854803721,"end_time":1705854803721,"duration":0.135,"log_type":1}
{"frame_type":2,"tick":6,"start_time":1705854803727,"end_time":1705854803727,"duration":0.01,"log_type":1}
{"frame_type":1,"tick":7,"start_time":1705854803734,"input_complete_tick":8,"state_complete_tick":6,"input_tick":9,"timings":{"current_tick":0.149},"end_time":1705854803735,"duration":0.241,"log_type":1}
{"log_type":3,"tick":9,"input":{"1":{"/root/RpcGame/ServerPlayer":{"input_vector_x":0,"input_vector_y":0},"$":2082077540}}}
{"log_type":2,"tick":7,"state":{"/root/SyncManager/SpawnManager":{"spawn_records":{},"counter":{}},"/root/RpcGame/ServerPlayer":{"fixed_position_x":9633792,"fixed_position_y":21823488,"velocity_x":0,"velocity_y":229376,"is_on_floor":false,"teleporting":false},"/root/RpcGame/ServerPlayer/NetworkRandomNumberGenerator":{"state":8250955699643033414},"/root/RpcGame/ClientPlayer":{"fixed_position_x":50397184,"fixed_position_y":21823488,"velocity_x":0,"velocity_y":229376,"is_on_floor":false,"teleporting":false},"/root/RpcGame/ClientPlayer/NetworkRandomNumberGenerator":{"state":5078045508736938332},"/root/RpcGame/Johnny":{"state":2302453309315703504},"$":1186956268}}
{"frame_type":2,"tick":7,"start_time":1705854803735,"end_time":1705854803735,"duration":0.149,"log_type":1}
{"frame_type":2,"tick":7,"start_time":1705854803741,"end_time":1705854803741,"duration":0.013,"log_type":1}
{"frame_type":1,"tick":8,"start_time":1705854803748,"input_complete_tick":9,"state_complete_tick":7,"rollback_ticks":1,"timings":{"rollback":0.178,"current_tick":0.098},"input_tick":10,"end_time":1705854803749,"duration":0.357,"log_type":1}
{"log_type":3,"tick":10,"input":{"1":{"/root/RpcGame/ServerPlayer":{"input_vector_x":0,"input_vector_y":0},"$":2082077540}}}
{"log_type":2,"tick":8,"state":{"/root/SyncManager/SpawnManager":{"spawn_records":{},"counter":{}},"/root/RpcGame/ServerPlayer":{"fixed_position_x":9633792,"fixed_position_y":22085632,"velocity_x":0,"velocity_y":262144,"is_on_floor":false,"teleporting":false},"/root/RpcGame/ServerPlayer/NetworkRandomNumberGenerator":{"state":8250955699643033414},"/root/RpcGame/ClientPlayer":{"fixed_position_x":50397184,"fixed_position_y":22085632,"velocity_x":0,"velocity_y":262144,"is_on_floor":false,"teleporting":false},"/root/RpcGame/ClientPlayer/NetworkRandomNumberGenerator":{"state":5078045508736938332},"/root/RpcGame/Johnny":{"state":2302453309315703504},"$":2986902508}}
{"frame_type":2,"tick":8,"start_time":1705854803749,"end_time":1705854803749,"duration":0.13,"log_type":1}
{"frame_type":2,"tick":8,"start_time":1705854803755,"end_time":1705854803755,"duration":0.01,"log_type":1}
{"frame_type":2,"tick":8,"start_time":1705854803762,"end_time":1705854803762,"duration":0.009,"log_type":1}
{"frame_type":1,"tick":9,"start_time":1705854803769,"input_complete_tick":10,"state_complete_tick":8,"rollback_ticks":1,"timings":{"rollback":0.19,"current_tick":0.093},"input_tick":11,"end_time":1705854803769,"duration":0.365,"log_type":1}
{"log_type":3,"tick":11,"input":{"1":{"/root/RpcGame/ServerPlayer":{"input_vector_x":0,"input_vector_y":0},"$":2082077540}}}
{"log_type":2,"tick":9,"state":{"/root/SyncManager/SpawnManager":{"spawn_records":{},"counter":{}},"/root/RpcGame/ServerPlayer":{"fixed_position_x":9633792,"fixed_position_y":22380544,"velocity_x":0,"velocity_y":294912,"is_on_floor":false,"teleporting":false},"/root/RpcGame/ServerPlayer/NetworkRandomNumberGenerator":{"state":8250955699643033414},"/root/RpcGame/ClientPlayer":{"fixed_position_x":50397184,"fixed_position_y":22380544,"velocity_x":0,"velocity_y":294912,"is_on_floor":false,"teleporting":false},"/root/RpcGame/ClientPlayer/NetworkRandomNumberGenerator":{"state":5078045508736938332},"/root/RpcGame/Johnny":{"state":2302453309315703504},"$":2467464172}}
{"frame_type":2,"tick":9,"start_time":1705854803770,"end_time":1705854803770,"duration":0.115,"log_type":1}
{"frame_type":2,"tick":9,"start_time":1705854803776,"end_time":1705854803776,"duration":0.009,"log_type":1}
{"frame_type":1,"tick":10,"start_time":1705854803783,"input_complete_tick":11,"state_complete_tick":9,"rollback_ticks":6,"timings":{"rollback":0.488,"current_tick":0.073},"input_tick":12,"end_time":1705854803784,"duration":0.625,"log_type":1}
{"log_type":3,"tick":12,"input":{"1":{"/root/RpcGame/ServerPlayer":{"input_vector_x":0,"input_vector_y":0},"$":2082077540}}}
{"log_type":2,"tick":10,"state":{"/root/SyncManager/SpawnManager":{"spawn_records":{},"counter":{}},"/root/RpcGame/ServerPlayer":{"fixed_position_x":9633792,"fixed_position_y":22708224,"velocity_x":0,"velocity_y":327680,"is_on_floor":false,"teleporting":false},"/root/RpcGame/ServerPlayer/NetworkRandomNumberGenerator":{"state":8250955699643033414},"/root/RpcGame/ClientPlayer":{"fixed_position_x":50397184,"fixed_position_y":22708224,"velocity_x":0,"velocity_y":327680,"is_on_floor":false,"teleporting":false},"/root/RpcGame/ClientPlayer/NetworkRandomNumberGenerator":{"state":5078045508736938332},"/root/RpcGame/Johnny":{"state":2302453309315703504},"$":3923608556}}
{"frame_type":2,"tick":10,"start_time":1705854803784,"end_time":1705854803784,"duration":0.111,"log_type":1}
{"frame_type":2,"tick":10,"start_time":1705854803790,"end_time":1705854803790,"duration":0.013,"log_type":1}
{"frame_type":1,"tick":11,"start_time":1705854803797,"input_complete_tick":12,"state_complete_tick":10,"rollback_ticks":2,"timings":{"rollback":0.275,"current_tick":0.089},"input_tick":13,"end_time":1705854803797,"duration":0.438,"log_type":1}
{"log_type":3,"tick":13,"input":{"1":{"/root/RpcGame/ServerPlayer":{"input_vector_x":0,"input_vector_y":0},"$":2082077540}}}
{"log_type":2,"tick":11,"state":{"/root/SyncManager/SpawnManager":{"spawn_records":{},"counter":{}},"/root/RpcGame/ServerPlayer":{"fixed_position_x":9633792,"fixed_position_y":23068672,"velocity_x":0,"velocity_y":360448,"is_on_floor":false,"teleporting":false},"/root/RpcGame/ServerPlayer/NetworkRandomNumberGenerator":{"state":8250955699643033414},"/root/RpcGame/ClientPlayer":{"fixed_position_x":50397184,"fixed_position_y":23068672,"velocity_x":0,"velocity_y":360448,"is_on_floor":false,"teleporting":false},"/root/RpcGame/ClientPlayer/NetworkRandomNumberGenerator":{"state":5078045508736938332},"/root/RpcGame/Johnny":{"state":2302453309315703504},"$":3060368364}}
{"frame_type":2,"tick":11,"start_time":1705854803797,"end_time":1705854803798,"duration":0.143,"log_type":1}
{"frame_type":2,"tick":11,"start_time":1705854803804,"end_time":1705854803804,"duration":0.01,"log_type":1}
{"frame_type":2,"tick":11,"start_time":1705854803811,"end_time":1705854803811,"duration":0.01,"log_type":1}
{"frame_type":1,"tick":12,"start_time":1705854803818,"input_complete_tick":13,"state_complete_tick":11,"rollback_ticks":2,"timings":{"rollback":0.306,"current_tick":0.072},"input_tick":14,"end_time":1705854803818,"duration":0.461,"log_type":1}
{"log_type":3,"tick":14,"input":{"1":{"/root/RpcGame/ServerPlayer":{"input_vector_x":0,"input_vector_y":0},"$":2082077540}}}
{"log_type":2,"tick":12,"state":{"/root/SyncManager/SpawnManager":{"spawn_records":{},"counter":{}},"/root/RpcGame/ServerPlayer":{"fixed_position_x":9633792,"fixed_position_y":23461888,"velocity_x":0,"velocity_y":393216,"is_on_floor":false,"teleporting":false},"/root/RpcGame/ServerPlayer/NetworkRandomNumberGenerator":{"state":8250955699643033414},"/root/RpcGame/ClientPlayer":{"fixed_position_x":50397184,"fixed_position_y":23461888,"velocity_x":0,"velocity_y":393216,"is_on_floor":false,"teleporting":false},"/root/RpcGame/ClientPlayer/NetworkRandomNumberGenerator":{"state":5078045508736938332},"/root/RpcGame/Johnny":{"state":2302453309315703504},"$":4172710892}}
{"frame_type":2,"tick":12,"start_time":1705854803818,"end_time":1705854803818,"duration":0.105,"log_type":1}
{"frame_type":2,"tick":12,"start_time":1705854803825,"end_time":1705854803825,"duration":0.017,"log_type":1}
{"frame_type":1,"tick":13,"start_time":1705854803832,"input_complete_tick":14,"state_complete_tick":12,"rollback_ticks":8,"timings":{"rollback":0.68,"current_tick":0.074},"input_tick":15,"end_time":1705854803833,"duration":0.825,"log_type":1}
{"log_type":3,"tick":15,"input":{"1":{"/root/RpcGame/ServerPlayer":{"input_vector_x":0,"input_vector_y":0},"$":2082077540}}}
{"log_type":2,"tick":13,"state":{"/root/SyncManager/SpawnManager":{"spawn_records":{},"counter":{}},"/root/RpcGame/ServerPlayer":{"fixed_position_x":9633792,"fixed_position_y":23887872,"velocity_x":0,"velocity_y":425984,"is_on_floor":false,"teleporting":false},"/root/RpcGame/ServerPlayer/NetworkRandomNumberGenerator":{"state":8250955699643033414},"/root/RpcGame/ClientPlayer":{"fixed_position_x":50397184,"fixed_position_y":23887872,"velocity_x":0,"velocity_y":425984,"is_on_floor":false,"teleporting":false},"/root/RpcGame/ClientPlayer/NetworkRandomNumberGenerator":{"state":5078045508736938332},"/root/RpcGame/Johnny":{"state":2302453309315703504},"$":2965668844}}
{"frame_type":2,"tick":13,"start_time":1705854803833,"end_time":1705854803833,"duration":0.104,"log_type":1}
{"frame_type":2,"tick":13,"start_time":1705854803838,"end_time":1705854803838,"duration":0.009,"log_type":1}
{"frame_type":1,"tick":14,"start_time":1705854803845,"input_complete_tick":15,"state_complete_tick":13,"rollback_ticks":3,"timings":{"rollback":0.376,"current_tick":0.095},"input_tick":16,"end_time":1705854803846,"duration":0.564,"log_type":1}
{"log_type":3,"tick":16,"input":{"1":{"/root/RpcGame/ServerPlayer":{"input_vector_x":0,"input_vector_y":0},"$":2082077540}}}
{"log_type":2,"tick":14,"state":{"/root/SyncManager/SpawnManager":{"spawn_records":{},"counter":{}},"/root/RpcGame/ServerPlayer":{"fixed_position_x":9633792,"fixed_position_y":24346624,"velocity_x":0,"velocity_y":458752,"is_on_floor":false,"teleporting":false},"/root/RpcGame/ServerPlayer/NetworkRandomNumberGenerator":{"state":8250955699643033414},"/root/RpcGame/ClientPlayer":{"fixed_position_x":50397184,"fixed_position_y":24346624,"velocity_x":0,"velocity_y":458752,"is_on_floor":false,"teleporting":false},"/root/RpcGame/ClientPlayer/NetworkRandomNumberGenerator":{"state":5078045508736938332},"/root/RpcGame/Johnny":{"state":2302453309315703504},"$":3734209516}}
{"frame_type":2,"tick":14,"start_time":1705854803846,"end_time":1705854803846,"duration":0.151,"log_type":1}
{"frame_type":2,"tick":14,"start_time":1705854803852,"end_time":1705854803852,"duration":0.009,"log_type":1}
{"frame_type":2,"tick":14,"start_time":1705854803859,"end_time":1705854803859,"duration":0.009,"log_type":1}
{"frame_type":1,"tick":15,"start_time":1705854803866,"input_complete_tick":16,"state_complete_tick":14,"rollback_ticks":1,"timings":{"rollback":0.182,"current_tick":0.121},"input_tick":17,"end_time":1705854803867,"duration":0.4,"log_type":1}
{"log_type":3,"tick":17,"input":{"1":{"/root/RpcGame/ServerPlayer":{"input_vector_x":0,"input_vector_y":0},"$":2082077540}}}
{"log_type":2,"tick":15,"state":{"/root/SyncManager/SpawnManager":{"spawn_records":{},"counter":{}},"/root/RpcGame/ServerPlayer":{"fixed_position_x":9633792,"fixed_position_y":24379264,"velocity_x":0,"velocity_y":0,"is_on_floor":true,"teleporting":false},"/root/RpcGame/ServerPlayer/NetworkRandomNumberGenerator":{"state":8250955699643033414},"/root/RpcGame/ClientPlayer":{"fixed_position_x":50397184,"fixed_position_y":24379264,"velocity_x":0,"velocity_y":0,"is_on_floor":true,"teleporting":false},"/root/RpcGame/ClientPlayer/NetworkRandomNumberGenerator":{"state":5078045508736938332},"/root/RpcGame/Johnny":{"state":2302453309315703504},"$":2963780846}}
{"frame_type":2,"tick":15,"start_time":1705854803867,"end_time":1705854803867,"duration":0.167,"log_type":1}
{"frame_type":2,"tick":15,"start_time":1705854803873,"end_time":1705854803873,"duration":0.009,"log_type":1}
{"frame_type":1,"tick":16,"start_time":1705854803880,"input_complete_tick":17,"state_complete_tick":15,"rollback_ticks":7,"timings":{"rollback":0.785,"current_tick":0.12},"input_tick":18,"end_time":1705854803881,"duration":1.003,"log_type":1}
{"log_type":3,"tick":18,"input":{"1":{"/root/RpcGame/ServerPlayer":{"input_vector_x":0,"input_vector_y":0},"$":2082077540}}}
{"log_type":2,"tick":16,"state":{"/root/SyncManager/SpawnManager":{"spawn_records":{},"counter":{}},"/root/RpcGame/ServerPlayer":{"fixed_position_x":9633792,"fixed_position_y":24379392,"velocity_x":0,"velocity_y":0,"is_on_floor":true,"teleporting":false},"/root/RpcGame/ServerPlayer/NetworkRandomNumberGenerator":{"state":8250955699643033414},"/root/RpcGame/ClientPlayer":{"fixed_position_x":50397184,"fixed_position_y":24379392,"velocity_x":0,"velocity_y":0,"is_on_floor":true,"teleporting":false},"/root/RpcGame/ClientPlayer/NetworkRandomNumberGenerator":{"state":5078045508736938332},"/root/RpcGame/Johnny":{"state":2302453309315703504},"$":3441260014}}
{"frame_type":2,"tick":16,"start_time":1705854803882,"end_time":1705854803882,"duration":0.107,"log_type":1}
{"frame_type":2,"tick":16,"start_time":1705854803887,"end_time":1705854803887,"duration":0.01,"log_type":1}
{"frame_type":1,"tick":17,"start_time":1705854803894,"input_complete_tick":18,"state_complete_tick":16,"rollback_ticks":9,"timings":{"rollback":0.896,"current_tick":0.108},"input_tick":19,"end_time":1705854803895,"duration":1.101,"log_type":1}
{"log_type":3,"tick":19,"input":{"1":{"/root/RpcGame/ServerPlayer":{"input_vector_x":0,"input_vector_y":0},"$":2082077540}}}
{"log_type":2,"tick":17,"state":{"/root/SyncManager/SpawnManager":{"spawn_records":{},"counter":{}},"/root/RpcGame/ServerPlayer":{"fixed_position_x":9633792,"fixed_position_y":24379392,"velocity_x":0,"velocity_y":0,"is_on_floor":true,"teleporting":false},"/root/RpcGame/ServerPlayer/NetworkRandomNumberGenerator":{"state":8250955699643033414},"/root/RpcGame/ClientPlayer":{"fixed_position_x":50397184,"fixed_position_y":24379392,"velocity_x":0,"velocity_y":0,"is_on_floor":true,"teleporting":false},"/root/RpcGame/ClientPlayer/NetworkRandomNumberGenerator":{"state":5078045508736938332},"/root/RpcGame/Johnny":{"state":2302453309315703504},"$":3441260014}}
{"frame_type":2,"tick":17,"start_time":1705854803896,"end_time":1705854803896,"duration":0.146,"log_type":1}
{"frame_type":2,"tick":17,"start_time":1705854803901,"end_time":1705854803901,"duration":0.012,"log_type":1}
{"frame_type":2,"tick":17,"start_time":1705854803908,"end_time":1705854803908,"duration":0.011,"log_type":1}
{"frame_type":1,"tick":18,"start_time":1705854803915,"input_complete_tick":19,"state_complete_tick":17,"input_tick":20,"timings":{"current_tick":0.159},"end_time":1705854803915,"duration":0.284,"log_type":1}
{"log_type":3,"tick":20,"input":{"1":{"/root/RpcGame/ServerPlayer":{"input_vector_x":0,"input_vector_y":0},"$":2082077540}}}
{"log_type":2,"tick":18,"state":{"/root/SyncManager/SpawnManager":{"spawn_records":{},"counter":{}},"/root/RpcGame/ServerPlayer":{"fixed_position_x":9633792,"fixed_position_y":24379392,"velocity_x":0,"velocity_y":0,"is_on_floor":true,"teleporting":false},"/root/RpcGame/ServerPlayer/NetworkRandomNumberGenerator":{"state":8250955699643033414},"/root/RpcGame/ClientPlayer":{"fixed_position_x":50397184,"fixed_position_y":24379392,"velocity_x":0,"velocity_y":0,"is_on_floor":true,"teleporting":false},"/root/RpcGame/ClientPlayer/NetworkRandomNumberGenerator":{"state":5078045508736938332},"/root/RpcGame/Johnny":{"state":2302453309315703504},"$":3441260014}}
{"frame_type":2,"tick":18,"start_time":1705854803915,"end_time":1705854803916,"duration":0.138,"log_type":1}
{"frame_type":2,"tick":18,"start_time":1705854803922,"end_time":1705854803922,"duration":0.009,"log_type":1}
{"frame_type":1,"tick":19,"start_time":1705854803929,"input_complete_tick":20,"state_complete_tick":18,"rollback_ticks":9,"timings":{"rollback":0.903,"current_tick":0.111},"input_tick":21,"end_time":1705854803930,"duration":1.088,"log_type":1}
{"log_type":3,"tick":21,"input":{"1":{"/root/RpcGame/ServerPlayer":{"input_vector_x":0,"input_vector_y":0},"$":2082077540}}}
{"log_type":2,"tick":19,"state":{"/root/SyncManager/SpawnManager":{"spawn_records":{},"counter":{}},"/root/RpcGame/ServerPlayer":{"fixed_position_x":9633792,"fixed_position_y":24379392,"velocity_x":0,"velocity_y":0,"is_on_floor":true,"teleporting":false},"/root/RpcGame/ServerPlayer/NetworkRandomNumberGenerator":{"state":8250955699643033414},"/root/RpcGame/ClientPlayer":{"fixed_position_x":50397184,"fixed_position_y":24379392,"velocity_x":0,"velocity_y":0,"is_on_floor":true,"teleporting":false},"/root/RpcGame/ClientPlayer/NetworkRandomNumberGenerator":{"state":5078045508736938332},"/root/RpcGame/Johnny":{"state":2302453309315703504},"$":3441260014}}
{"frame_type":2,"tick":19,"start_time":1705854803930,"end_time":1705854803930,"duration":0.105,"log_type":1}
{"frame_type":2,"tick":19,"start_time":1705854803936,"end_time":1705854803936,"duration":0.009,"log_type":1}
{"frame_type":2,"tick":19,"start_time":1705854803943,"end_time":1705854803943,"duration":0.009,"log_type":1}
{"frame_type":1,"tick":20,"start_time":1705854803950,"input_complete_tick":21,"state_complete_tick":19,"rollback_ticks":8,"timings":{"rollback":0.881,"current_tick":0.091},"input_tick":22,"end_time":1705854803951,"duration":1.053,"log_type":1}
{"log_type":3,"tick":22,"input":{"1":{"/root/RpcGame/ServerPlayer":{"input_vector_x":0,"input_vector_y":0},"$":2082077540}}}
{"log_type":2,"tick":20,"state":{"/root/SyncManager/SpawnManager":{"spawn_records":{},"counter":{}},"/root/RpcGame/ServerPlayer":{"fixed_position_x":9633792,"fixed_position_y":24379392,"velocity_x":0,"velocity_y":0,"is_on_floor":true,"teleporting":false},"/root/RpcGame/ServerPlayer/NetworkRandomNumberGenerator":{"state":8250955699643033414},"/root/RpcGame/ClientPlayer":{"fixed_position_x":50397184,"fixed_position_y":24379392,"velocity_x":0,"velocity_y":0,"is_on_floor":true,"teleporting":false},"/root/RpcGame/ClientPlayer/NetworkRandomNumberGenerator":{"state":5078045508736938332},"/root/RpcGame/Johnny":{"state":2302453309315703504},"$":3441260014}}
{"frame_type":2,"tick":20,"start_time":1705854803951,"end_time":1705854803951,"duration":0.11,"log_type":1}
{"frame_type":2,"tick":20,"start_time":1705854803957,"end_time":1705854803957,"duration":0.01,"log_type":1}
{"frame_type":1,"tick":21,"start_time":1705854803965,"input_complete_tick":22,"state_complete_tick":20,"rollback_ticks":1,"timings":{"rollback":0.202,"current_tick":0.092},"input_tick":23,"end_time":1705854803965,"duration":0.37,"log_type":1}
{"log_type":3,"tick":23,"input":{"1":{"/root/RpcGame/ServerPlayer":{"input_vector_x":0,"input_vector_y":0},"$":2082077540}}}
{"log_type":2,"tick":21,"state":{"/root/SyncManager/SpawnManager":{"spawn_records":{},"counter":{}},"/root/RpcGame/ServerPlayer":{"fixed_position_x":9633792,"fixed_position_y":24379392,"velocity_x":0,"velocity_y":0,"is_on_floor":true,"teleporting":false},"/root/RpcGame/ServerPlayer/NetworkRandomNumberGenerator":{"state":8250955699643033414},"/root/RpcGame/ClientPlayer":{"fixed_position_x":50397184,"fixed_position_y":24379392,"velocity_x":0,"velocity_y":0,"is_on_floor":true,"teleporting":false},"/root/RpcGame/ClientPlayer/NetworkRandomNumberGenerator":{"state":5078045508736938332},"/root/RpcGame/Johnny":{"state":2302453309315703504},"$":3441260014}}
{"frame_type":2,"tick":21,"start_time":1705854803965,"end_time":1705854803965,"duration":0.104,"log_type":1}
{"frame_type":2,"tick":21,"start_time":1705854803971,"end_time":1705854803971,"duration":0.02,"log_type":1}
{"frame_type":1,"tick":22,"start_time":1705854803978,"input_complete_tick":23,"state_complete_tick":21,"rollback_ticks":2,"timings":{"rollback":0.339,"current_tick":0.106},"input_tick":24,"end_time":1705854803979,"duration":0.536,"log_type":1}
{"log_type":3,"tick":24,"input":{"1":{"/root/RpcGame/ServerPlayer":{"input_vector_x":0,"input_vector_y":0},"$":2082077540}}}
{"log_type":2,"tick":22,"state":{"/root/SyncManager/SpawnManager":{"spawn_records":{},"counter":{}},"/root/RpcGame/ServerPlayer":{"fixed_position_x":9633792,"fixed_position_y":24379392,"velocity_x":0,"velocity_y":0,"is_on_floor":true,"teleporting":false},"/root/RpcGame/ServerPlayer/NetworkRandomNumberGenerator":{"state":8250955699643033414},"/root/RpcGame/ClientPlayer":{"fixed_position_x":50397184,"fixed_position_y":24379392,"velocity_x":0,"velocity_y":0,"is_on_floor":true,"teleporting":false},"/root/RpcGame/ClientPlayer/NetworkRandomNumberGenerator":{"state":5078045508736938332},"/root/RpcGame/Johnny":{"state":2302453309315703504},"$":3441260014}}
{"frame_type":2,"tick":22,"start_time":1705854803979,"end_time":1705854803979,"duration":0.102,"log_type":1}
{"frame_type":2,"tick":22,"start_time":1705854803985,"end_time":1705854803985,"duration":0.01,"log_type":1}
{"frame_type":2,"tick":22,"start_time":1705854803992,"end_time":1705854803992,"duration":0.01,"log_type":1}
{"frame_type":1,"tick":23,"start_time":1705854803999,"input_complete_tick":24,"state_complete_tick":22,"rollback_ticks":5,"timings":{"rollback":0.683,"current_tick":0.092},"input_tick":25,"end_time":1705854804000,"duration":0.85,"log_type":1}
{"log_type":3,"tick":25,"input":{"1":{"/root/RpcGame/ServerPlayer":{"input_vector_x":0,"input_vector_y":0},"$":2082077540}}}
{"log_type":2,"tick":23,"state":{"/root/SyncManager/SpawnManager":{"spawn_records":{},"counter":{}},"/root/RpcGame/ServerPlayer":{"fixed_position_x":9633792,"fixed_position_y":24379392,"velocity_x":0,"velocity_y":0,"is_on_floor":true,"teleporting":false},"/root/RpcGame/ServerPlayer/NetworkRandomNumberGenerator":{"state":8250955699643033414},"/root/RpcGame/ClientPlayer":{"fixed_position_x":50397184,"fixed_position_y":24379392,"velocity_x":0,"velocity_y":0,"is_on_floor":true,"teleporting":false},"/root/RpcGame/ClientPlayer/NetworkRandomNumberGenerator":{"state":5078045508736938332},"/root/RpcGame/Johnny":{"state":2302453309315703504},"$":3441260014}}
{"frame_type":2,"tick":23,"start_time":1705854804000,"end_time":1705854804000,"duration":0.107,"log_type":1}
{"frame_type":2,"tick":23,"start_time":1705854804006,"end_time":1705854804006,"duration":0.01,"log_type":1}
{"frame_type":1,"tick":24,"start_time":1705854804013,"input_complete_tick":25,"state_complete_tick":23,"rollback_ticks":2,"timings":{"rollback":0.334,"current_tick":0.119},"input_tick":26,"end_time":1705854804013,"duration":0.552,"log_type":1}
{"log_type":3,"tick":26,"input":{"1":{"/root/RpcGame/ServerPlayer":{"input_vector_x":0,"input_vector_y":0},"$":2082077540}}}
{"log_type":2,"tick":24,"state":{"/root/SyncManager/SpawnManager":{"spawn_records":{},"counter":{}},"/root/RpcGame/ServerPlayer":{"fixed_position_x":9633792,"fixed_position_y":24379392,"velocity_x":0,"velocity_y":0,"is_on_floor":true,"teleporting":false},"/root/RpcGame/ServerPlayer/NetworkRandomNumberGenerator":{"state":8250955699643033414},"/root/RpcGame/ClientPlayer":{"fixed_position_x":50397184,"fixed_position_y":24379392,"velocity_x":0,"velocity_y":0,"is_on_floor":true,"teleporting":false},"/root/RpcGame/ClientPlayer/NetworkRandomNumberGenerator":{"state":5078045508736938332},"/root/RpcGame/Johnny":{"state":2302453309315703504},"$":3441260014}}
{"frame_type":2,"tick":24,"start_time":1705854804013,"end_time":1705854804013,"duration":0.131,"log_type":1}
{"frame_type":2,"tick":24,"start_time":1705854804020,"end_time":1705854804020,"duration":0.01,"log_type":1}
{"frame_type":2,"tick":24,"start_time":1705854804026,"end_time":1705854804026,"duration":0.008,"log_type":1}
{"frame_type":1,"tick":25,"start_time":1705854804033,"input_complete_tick":26,"state_complete_tick":24,"rollback_ticks":9,"timings":{"rollback":1.088,"current_tick":0.094},"input_tick":27,"end_time":1705854804035,"duration":1.276,"log_type":1}
{"log_type":3,"tick":27,"input":{"1":{"/root/RpcGame/ServerPlayer":{"input_vector_x":0,"input_vector_y":0},"$":2082077540}}}
{"log_type":2,"tick":25,"state":{"/root/SyncManager/SpawnManager":{"spawn_records":{},"counter":{}},"/root/RpcGame/ServerPlayer":{"fixed_position_x":9633792,"fixed_position_y":24379392,"velocity_x":0,"velocity_y":0,"is_on_floor":true,"teleporting":false},"/root/RpcGame/ServerPlayer/NetworkRandomNumberGenerator":{"state":8250955699643033414},"/root/RpcGame/ClientPlayer":{"fixed_position_x":50397184,"fixed_position_y":24379392,"velocity_x":0,"velocity_y":0,"is_on_floor":true,"teleporting":false},"/root/RpcGame/ClientPlayer/NetworkRandomNumberGenerator":{"state":5078045508736938332},"/root/RpcGame/Johnny":{"state":2302453309315703504},"$":3441260014}}
{"frame_type":2,"tick":25,"start_time":1705854804035,"end_time":1705854804035,"duration":0.101,"log_type":1}
{"frame_type":2,"tick":25,"start_time":1705854804040,"end_time":1705854804040,"duration":0.007,"log_type":1}
{"frame_type":1,"tick":26,"start_time":1705854804047,"input_complete_tick":27,"state_complete_tick":25,"rollback_ticks":7,"timings":{"rollback":0.861,"current_tick":0.121},"input_tick":28,"end_time":1705854804048,"duration":1.088,"log_type":1}
{"log_type":3,"tick":28,"input":{"1":{"/root/RpcGame/ServerPlayer":{"input_vector_x":0,"input_vector_y":0},"$":2082077540}}}
{"log_type":2,"tick":26,"state":{"/root/SyncManager/SpawnManager":{"spawn_records":{},"counter":{}},"/root/RpcGame/ServerPlayer":{"fixed_position_x":9633792,"fixed_position_y":24379392,"velocity_x":0,"velocity_y":0,"is_on_floor":true,"teleporting":false},"/root/RpcGame/ServerPlayer/NetworkRandomNumberGenerator":{"state":8250955699643033414},"/root/RpcGame/ClientPlayer":{"fixed_position_x":50397184,"fixed_position_y":24379392,"velocity_x":0,"velocity_y":0,"is_on_floor":true,"teleporting":false},"/root/RpcGame/ClientPlayer/NetworkRandomNumberGenerator":{"state":5078045508736938332},"/root/RpcGame/Johnny":{"state":2302453309315703504},"$":3441260014}}
{"frame_type":2,"tick":26,"start_time":1705854804048,"end_time":1705854804048,"duration":0.139,"log_type":1}
{"frame_type":2,"tick":26,"start_time":1705854804054,"end_time":1705854804054,"duration":0.015,"log_type":1}
{"frame_type":1,"tick":27,"start_time":1705854804061,"input_complete_tick":28,"state_complete_tick":26,"rollback_ticks":8,"timings":{"rollback":1.012,"current_tick":0.11},"input_tick":29,"end_time":1705854804062,"duration":1.215,"log_type":1}
{"log_type":3,"tick":29,"input":{"1":{"/root/RpcGame/ServerPlayer":{"input_vector_x":0,"input_vector_y":0},"$":2082077540}}}
{"log_type":2,"tick":27,"state":{"/root/SyncManager/SpawnManager":{"spawn_records":{},"counter":{}},"/root/RpcGame/ServerPlayer":{"fixed_position_x":9633792,"fixed_position_y":24379392,"velocity_x":0,"velocity_y":0,"is_on_floor":true,"teleporting":false},"/root/RpcGame/ServerPlayer/NetworkRandomNumberGenerator":{"state":8250955699643033414},"/root/RpcGame/ClientPlayer":{"fixed_position_x":50397184,"fixed_position_y":24379392,"velocity_x":0,"velocity_y":0,"is_on_floor":true,"teleporting":false},"/root/RpcGame/ClientPlayer/NetworkRandomNumberGenerator":{"state":5078045508736938332},"/root/RpcGame/Johnny":{"state":2302453309315703504},"$":3441260014}}
{"frame_type":2,"tick":27,"start_time":1705854804062,"end_time":1705854804062,"duration":0.109,"log_type":1}
{"frame_type":2,"tick":27,"start_time":1705854804068,"end_time":1705854804068,"duration":0.01,"log_type":1}
{"frame_type":2,"tick":27,"start_time":1705854804075,"end_time":1705854804075,"duration":0.01,"log_type":1}
{"frame_type":1,"tick":28,"start_time":1705854804082,"input_complete_tick":29,"state_complete_tick":27,"rollback_ticks":6,"timings":{"rollback":0.748,"current_tick":0.091},"input_tick":30,"end_time":1705854804083,"duration":0.913,"log_type":1}
{"log_type":3,"tick":30,"input":{"1":{"/root/RpcGame/ServerPlayer":{"input_vector_x":0,"input_vector_y":0},"$":2082077540}}}
{"log_type":2,"tick":28,"state":{"/root/SyncManager/SpawnManager":{"spawn_records":{},"counter":{}},"/root/RpcGame/ServerPlayer":{"fixed_position_x":9633792,"fixed_position_y":24379392,"velocity_x":0,"velocity_y":0,"is_on_floor":true,"teleporting":false},"/root/RpcGame/ServerPlayer/NetworkRandomNumberGenerator":{"state":8250955699643033414},"/root/RpcGame/ClientPlayer":{"fixed_position_x":50397184,"fixed_position_y":24379392,"velocity_x":0,"velocity_y":0,"is_on_floor":true,"teleporting":false},"/root/RpcGame/ClientPlayer/NetworkRandomNumberGenerator":{"state":5078045508736938332},"/root/RpcGame/Johnny":{"state":2302453309315703504},"$":3441260014}}
{"frame_type":2,"tick":28,"start_time":1705854804083,"end_time":1705854804083,"duration":0.105,"log_type":1}
{"frame_type":2,"tick":28,"start_time":1705854804089,"end_time":1705854804089,"duration":0.01,"log_type":1}
{"frame_type":1,"tick":29,"start_time":1705854804096,"input_complete_tick":30,"state_complete_tick":28,"rollback_ticks":8,"timings":{"rollback":0.875,"current_tick":0.09},"input_tick":31,"end_time":1705854804097,"duration":1.05,"log_type":1}
{"log_type":3,"tick":31,"input":{"1":{"/root/RpcGame/ServerPlayer":{"input_vector_x":0,"input_vector_y":0},"$":2082077540}}}
{"log_type":2,"tick":29,"state":{"/root/SyncManager/SpawnManager":{"spawn_records":{},"counter":{}},"/root/RpcGame/ServerPlayer":{"fixed_position_x":9633792,"fixed_position_y":24379392,"velocity_x":0,"velocity_y":0,"is_on_floor":true,"teleporting":false},"/root/RpcGame/ServerPlayer/NetworkRandomNumberGenerator":{"state":8250955699643033414},"/root/RpcGame/ClientPlayer":{"fixed_position_x":50397184,"fixed_position_y":24379392,"velocity_x":0,"velocity_y":0,"is_on_floor":true,"teleporting":false},"/root/RpcGame/ClientPlayer/NetworkRandomNumberGenerator":{"state":5078045508736938332},"/root/RpcGame/Johnny":{"state":2302453309315703504},"$":3441260014}}
{"frame_type":2,"tick":29,"start_time":1705854804097,"end_time":1705854804097,"duration":0.104,"log_type":1}
{"frame_type":2,"tick":29,"start_time":1705854804103,"end_time":1705854804103,"duration":0.013,"log_type":1}
{"frame_type":2,"tick":29,"start_time":1705854804110,"end_time":1705854804110,"duration":0.009,"log_type":1}
{"frame_type":1,"tick":30,"start_time":1705854804117,"input_complete_tick":31,"state_complete_tick":29,"rollback_ticks":2,"timings":{"rollback":0.327,"current_tick":0.13},"input_tick":32,"end_time":1705854804117,"duration":0.585,"log_type":1}
{"log_type":3,"tick":32,"input":{"1":{"/root/RpcGame/ServerPlayer":{"input_vector_x":0,"input_vector_y":0},"$":2082077540}}}
{"log_type":2,"tick":30,"state":{"/root/SyncManager/SpawnManager":{"spawn_records":{},"counter":{}},"/root/RpcGame/ServerPlayer":{"fixed_position_x":9633792,"fixed_position_y":24379392,"velocity_x":0,"velocity_y":0,"is_on_floor":true,"teleporting":false},"/root/RpcGame/ServerPlayer/NetworkRandomNumberGenerator":{"state":8250955699643033414},"/root/RpcGame/ClientPlayer":{"fixed_position_x":50397184,"fixed_position_y":24379392,"velocity_x":0,"velocity_y":0,"is_on_floor":true,"teleporting":false},"/root/RpcGame/ClientPlayer/NetworkRandomNumberGenerator":{"state":5078045508736938332},"/root/RpcGame/Johnny":{"state":2302453309315703504},"$":3441260014}}
{"frame_type":2,"tick":30,"start_time":1705854804117,"end_time":1705854804117,"duration":0.106,"log_type":1}
{"frame_type":2,"tick":30,"start_time":1705854804124,"end_time":1705854804124,"duration":0.01,"log_type":1}
{"frame_type":1,"tick":31,"start_time":1705854804131,"input_complete_tick":32,"state_complete_tick":30,"input_tick":33,"timings":{"current_tick":0.325},"end_time":1705854804131,"duration":0.436,"log_type":1}
{"log_type":3,"tick":33,"input":{"1":{"/root/RpcGame/ServerPlayer":{"input_vector_x":0,"input_vector_y":0},"$":2082077540}}}
{"log_type":2,"tick":31,"state":{"/root/SyncManager/SpawnManager":{"spawn_records":{},"counter":{}},"/root/RpcGame/ServerPlayer":{"fixed_position_x":9633792,"fixed_position_y":24379392,"velocity_x":0,"velocity_y":0,"is_on_floor":true,"teleporting":false},"/root/RpcGame/ServerPlayer/NetworkRandomNumberGenerator":{"state":8250955699643033414},"/root/RpcGame/ClientPlayer":{"fixed_position_x":50397184,"fixed_position_y":24379392,"velocity_x":0,"velocity_y":0,"is_on_floor":true,"teleporting":false},"/root/RpcGame/ClientPlayer/NetworkRandomNumberGenerator":{"state":5078045508736938332},"/root/RpcGame/Johnny":{"state":2302453309315703504},"$":3441260014}}
{"frame_type":2,"tick":31,"start_time":1705854804131,"end_time":1705854804131,"duration":0.15,"log_type":1}
{"frame_type":2,"tick":31,"start_time":1705854804138,"end_time":1705854804138,"duration":0.01,"log_type":1}
{"frame_type":1,"tick":32,"start_time":1705854804144,"input_complete_tick":33,"state_complete_tick":31,"rollback_ticks":7,"timings":{"rollback":0.886,"current_tick":0.094},"input_tick":34,"end_time":1705854804146,"duration":1.056,"log_type":1}
{"log_type":3,"tick":34,"input":{"1":{"/root/RpcGame/ServerPlayer":{"input_vector_x":0,"input_vector_y":0},"$":2082077540}}}
{"log_type":2,"tick":32,"state":{"/root/SyncManager/SpawnManager":{"spawn_records":{},"counter":{}},"/root/RpcGame/ServerPlayer":{"fixed_position_x":9633792,"fixed_position_y":24379392,"velocity_x":0,"velocity_y":0,"is_on_floor":true,"teleporting":false},"/root/RpcGame/ServerPlayer/NetworkRandomNumberGenerator":{"state":8250955699643033414},"/root/RpcGame/ClientPlayer":{"fixed_position_x":50397184,"fixed_position_y":24379392,"velocity_x":0,"velocity_y":0,"is_on_floor":true,"teleporting":false},"/root/RpcGame/ClientPlayer/NetworkRandomNumberGenerator":{"state":5078045508736938332},"/root/RpcGame/Johnny":{"state":2302453309315703504},"$":3441260014}}
{"frame_type":2,"tick":32,"start_time":1705854804146,"end_time":1705854804146,"duration":0.104,"log_type":1}
{"frame_type":2,"tick":32,"start_time":1705854804151,"end_time":1705854804151,"duration":0.01,"log_type":1}
{"frame_type":2,"tick":32,"start_time":1705854804158,"end_time":1705854804158,"duration":0.009,"log_type":1}
{"frame_type":1,"tick":33,"start_time":1705854804165,"input_complete_tick":34,"state_complete_tick":32,"rollback_ticks":2,"timings":{"rollback":0.327,"current_tick":0.113},"input_tick":35,"end_time":1705854804166,"duration":0.544,"log_type":1}
{"log_type":3,"tick":35,"input":{"1":{"/root/RpcGame/ServerPlayer":{"input_vector_x":0,"input_vector_y":0},"$":2082077540}}}
{"log_type":2,"tick":33,"state":{"/root/SyncManager/SpawnManager":{"spawn_records":{},"counter":{}},"/root/RpcGame/ServerPlayer":{"fixed_position_x":9633792,"fixed_position_y":24379392,"velocity_x":0,"velocity_y":0,"is_on_floor":true,"teleporting":false},"/root/RpcGame/ServerPlayer/NetworkRandomNumberGenerator":{"state":8250955699643033414},"/root/RpcGame/ClientPlayer":{"fixed_position_x":50397184,"fixed_position_y":24379392,"velocity_x":0,"velocity_y":0,"is_on_floor":true,"teleporting":false},"/root/RpcGame/ClientPlayer/NetworkRandomNumberGenerator":{"state":5078045508736938332},"/root/RpcGame/Johnny":{"state":2302453309315703504},"$":3441260014}}
{"frame_type":2,"tick":33,"start_time":1705854804166,"end_time":1705854804166,"duration":0.128,"log_type":1}
{"frame_type":2,"tick":33,"start_time":1705854804172,"end_time":1705854804172,"duration":0.009,"log_type":1}
{"frame_type":1,"tick":34,"start_time":1705854804179,"input_complete_tick":35,"state_complete_tick":33,"rollback_ticks":3,"timings":{"rollback":0.438,"current_tick":0.11},"input_tick":36,"end_time":1705854804180,"duration":0.636,"log_type":1}
{"log_type":3,"tick":36,"input":{"1":{"/root/RpcGame/ServerPlayer":{"input_vector_x":0,"input_vector_y":0},"$":2082077540}}}
{"log_type":2,"tick":34,"state":{"/root/SyncManager/SpawnManager":{"spawn_records":{},"counter":{}},"/root/RpcGame/ServerPlayer":{"fixed_position_x":9633792,"fixed_position_y":24379392,"velocity_x":0,"velocity_y":0,"is_on_floor":true,"teleporting":false},"/root/RpcGame/ServerPlayer/NetworkRandomNumberGenerator":{"state":8250955699643033414},"/root/RpcGame/ClientPlayer":{"fixed_position_x":50397184,"fixed_position_y":24379392,"velocity_x":0,"velocity_y":0,"is_on_floor":true,"teleporting":false},"/root/RpcGame/ClientPlayer/NetworkRandomNumberGenerator":{"state":5078045508736938332},"/root/RpcGame/Johnny":{"state":2302453309315703504},"$":3441260014}}
{"frame_type":2,"tick":34,"start_time":1705854804180,"end_time":1705854804180,"duration":0.133,"log_type":1}
{"frame_type":2,"tick":34,"start_time":1705854804186,"end_time":1705854804186,"duration":0.007,"log_type":1}
{"frame_type":2,"tick":34,"start_time":1705854804193,"end_time":1705854804193,"duration":0.01,"log_type":1}
{"frame_type":1,"tick":35,"start_time":1705854804200,"input_complete_tick":36,"state_complete_tick":34,"rollback_ticks":6,"timings":{"rollback":0.726,"current_tick":0.089},"input_tick":37,"end_time":1705854804201,"duration":0.89,"log_type":1}
{"log_type":3,"tick":37,"input":{"1":{"/root/RpcGame/ServerPlayer":{"input_vector_x":0,"input_vector_y":0},"$":2082077540}}}
{"log_type":2,"tick":35,"state":{"/root/SyncManager/SpawnManager":{"spawn_records":{},"counter":{}},"/root/RpcGame/ServerPlayer":{"fixed_position_x":9633792,"fixed_position_y":24379392,"velocity_x":0,"velocity_y":0,"is_on_floor":true,"teleporting":false},"/root/RpcGame/ServerPlayer/NetworkRandomNumberGenerator":{"state":8250955699643033414},"/root/RpcGame/ClientPlayer":{"fixed_position_x":50397184,"fixed_position_y":24379392,"velocity_x":0,"velocity_y":0,"is_on_floor":true,"teleporting":false},"/root/RpcGame/ClientPlayer/NetworkRandomNumberGenerator":{"state":5078045508736938332},"/root/RpcGame/Johnny":{"state":2302453309315703504},"$":3441260014}}
{"frame_type":2,"tick":35,"start_time":1705854804201,"end_time":1705854804201,"duration":0.111,"log_type":1}
{"frame_type":2,"tick":35,"start_time":1705854804207,"end_time":1705854804207,"duration":0.013,"log_type":1}
{"frame_type":1,"tick":36,"start_time":1705854804214,"input_complete_tick":37,"state_complete_tick":35,"rollback_ticks":5,"timings":{"rollback":0.669,"current_tick":0.091},"input_tick":38,"end_time":1705854804215,"duration":0.837,"log_type":1}
{"log_type":3,"tick":38,"input":{"1":{"/root/RpcGame/ServerPlayer":{"input_vector_x":0,"input_vector_y":0},"$":2082077540}}}
{"log_type":2,"tick":36,"state":{"/root/SyncManager/SpawnManager":{"spawn_records":{},"counter":{}},"/root/RpcGame/ServerPlayer":{"fixed_position_x":9633792,"fixed_position_y":24379392,"velocity_x":0,"velocity_y":0,"is_on_floor":true,"teleporting":false},"/root/RpcGame/ServerPlayer/NetworkRandomNumberGenerator":{"state":8250955699643033414},"/root/RpcGame/ClientPlayer":{"fixed_position_x":50397184,"fixed_position_y":24379392,"velocity_x":0,"velocity_y":0,"is_on_floor":true,"teleporting":false},"/root/RpcGame/ClientPlayer/NetworkRandomNumberGenerator":{"state":5078045508736938332},"/root/RpcGame/Johnny":{"state":2302453309315703504},"$":3441260014}}
{"frame_type":2,"tick":36,"start_time":1705854804215,"end_time":1705854804215,"duration":0.108,"log_type":1}
{"frame_type":2,"tick":36,"start_time":1705854804221,"end_time":1705854804221,"duration":0.009,"log_type":1}
{"frame_type":1,"tick":37,"start_time":1705854804228,"input_complete_tick":38,"state_complete_tick":36,"rollback_ticks":8,"timings":{"rollback":0.887,"current_tick":0.091},"input_tick":39,"end_time":1705854804229,"duration":1.053,"log_type":1}
{"log_type":3,"tick":39,"input":{"1":{"/root/RpcGame/ServerPlayer":{"input_vector_x":0,"input_vector_y":0},"$":2082077540}}}
{"log_type":2,"tick":37,"state":{"/root/SyncManager/SpawnManager":{"spawn_records":{},"counter":{}},"/root/RpcGame/ServerPlayer":{"fixed_position_x":9633792,"fixed_position_y":24379392,"velocity_x":0,"velocity_y":0,"is_on_floor":true,"teleporting":false},"/root/RpcGame/ServerPlayer/NetworkRandomNumberGenerator":{"state":8250955699643033414},"/root/RpcGame/ClientPlayer":{"fixed_position_x":50397184,"fixed_position_y":24379392,"velocity_x":0,"velocity_y":0,"is_on_floor":true,"teleporting":false},"/root/RpcGame/ClientPlayer/NetworkRandomNumberGenerator":{"state":5078045508736938332},"/root/RpcGame/Johnny":{"state":2302453309315703504},"$":3441260014}}
{"frame_type":2,"tick":37,"start_time":1705854804229,"end_time":1705854804229,"duration":0.109,"log_type":1}
{"frame_type":2,"tick":37,"start_time":1705854804235,"end_time":1705854804235,"duration":0.01,"log_type":1}
{"frame_type":2,"tick":37,"start_time":1705854804242,"end_time":1705854804242,"duration":0.009,"log_type":1}
{"frame_type":1,"tick":38,"start_time":1705854804249,"input_complete_tick":39,"state_complete_tick":37,"rollback_ticks":3,"timings":{"rollback":0.43,"current_tick":0.096},"input_tick":40,"end_time":1705854804249,"duration":0.614,"log_type":1}
{"log_type":3,"tick":40,"input":{"1":{"/root/RpcGame/ServerPlayer":{"input_vector_x":0,"input_vector_y":0},"$":2082077540}}}
{"log_type":2,"tick":38,"state":{"/root/SyncManager/SpawnManager":{"spawn_records":{},"counter":{}},"/root/RpcGame/ServerPlayer":{"fixed_position_x":9633792,"fixed_position_y":24379392,"velocity_x":0,"velocity_y":0,"is_on_floor":true,"teleporting":false},"/root/RpcGame/ServerPlayer/NetworkRandomNumberGenerator":{"state":8250955699643033414},"/root/RpcGame/ClientPlayer":{"fixed_position_x":50397184,"fixed_position_y":24379392,"velocity_x":0,"velocity_y":0,"is_on_floor":true,"teleporting":false},"/root/RpcGame/ClientPlayer/NetworkRandomNumberGenerator":{"state":5078045508736938332},"/root/RpcGame/Johnny":{"state":2302453309315703504},"$":3441260014}}
{"frame_type":2,"tick":38,"start_time":1705854804249,"end_time":1705854804249,"duration":0.105,"log_type":1}
{"frame_type":2,"tick":38,"start_time":1705854804256,"end_time":1705854804256,"duration":0.01,"log_type":1}
{"frame_type":1,"tick":39,"start_time":1705854804263,"input_complete_tick":40,"state_complete_tick":38,"rollback_ticks":5,"timings":{"rollback":0.633,"current_tick":0.115},"input_tick":41,"end_time":1705854804264,"duration":0.838,"log_type":1}
{"log_type":3,"tick":41,"input":{"1":{"/root/RpcGame/ServerPlayer":{"input_vector_x":0,"input_vector_y":0},"$":2082077540}}}
{"log_type":2,"tick":39,"state":{"/root/SyncManager/SpawnManager":{"spawn_records":{},"counter":{}},"/root/RpcGame/ServerPlayer":{"fixed_position_x":9633792,"fixed_position_y":24379392,"velocity_x":0,"velocity_y":0,"is_on_floor":true,"teleporting":false},"/root/RpcGame/ServerPlayer/NetworkRandomNumberGenerator":{"state":8250955699643033414},"/root/RpcGame/ClientPlayer":{"fixed_position_x":50397184,"fixed_position_y":24379392,"velocity_x":0,"velocity_y":0,"is_on_floor":true,"teleporting":false},"/root/RpcGame/ClientPlayer/NetworkRandomNumberGenerator":{"state":5078045508736938332},"/root/RpcGame/Johnny":{"state":2302453309315703504},"$":3441260014}}
{"frame_type":2,"tick":39,"start_time":1705854804264,"end_time":1705854804264,"duration":0.107,"log_type":1}
{"frame_type":2,"tick":39,"start_time":1705854804270,"end_time":1705854804270,"duration":0.008,"log_type":1}
{"frame_type":2,"tick":39,"start_time":1705854804277,"end_time":1705854804277,"duration":0.01,"log_type":1}
{"frame_type":1,"tick":40,"start_time":1705854804283,"input_complete_tick":41,"state_complete_tick":39,"rollback_ticks":6,"timings":{"rollback":0.76,"current_tick":0.094},"input_tick":42,"end_time":1705854804284,"duration":0.943,"log_type":1}
{"log_type":3,"tick":42,"input":{"1":{"/root/RpcGame/ServerPlayer":{"input_vector_x":0,"input_vector_y":0},"$":2082077540}}}
{"log_type":2,"tick":40,"state":{"/root/SyncManager/SpawnManager":{"spawn_records":{},"counter":{}},"/root/RpcGame/ServerPlayer":{"fixed_position_x":9633792,"fixed_position_y":24379392,"velocity_x":0,"velocity_y":0,"is_on_floor":true,"teleporting":false},"/root/RpcGame/ServerPlayer/NetworkRandomNumberGenerator":{"state":8250955699643033414},"/root/RpcGame/ClientPlayer":{"fixed_position_x":50397184,"fixed_position_y":24379392,"velocity_x":0,"velocity_y":0,"is_on_floor":true,"teleporting":false},"/root/RpcGame/ClientPlayer/NetworkRandomNumberGenerator":{"state":5078045508736938332},"/root/RpcGame/Johnny":{"state":2302453309315703504},"$":3441260014}}
{"frame_type":2,"tick":40,"start_time":1705854804284,"end_time":1705854804285,"duration":0.128,"log_type":1}
{"frame_type":2,"tick":40,"start_time":1705854804290,"end_time":1705854804290,"duration":0.008,"log_type":1}
{"frame_type":1,"tick":41,"start_time":1705854804297,"input_complete_tick":42,"state_complete_tick":40,"rollback_ticks":5,"timings":{"rollback":0.61,"current_tick":0.131},"input_tick":43,"end_time":1705854804298,"duration":0.86,"log_type":1}
{"log_type":3,"tick":43,"input":{"1":{"/root/RpcGame/ServerPlayer":{"input_vector_x":0,"input_vector_y":0},"$":2082077540}}}
{"log_type":2,"tick":41,"state":{"/root/SyncManager/SpawnManager":{"spawn_records":{},"counter":{}},"/root/RpcGame/ServerPlayer":{"fixed_position_x":9633792,"fixed_position_y":24379392,"velocity_x":0,"velocity_y":0,"is_on_floor":true,"teleporting":false},"/root/RpcGame/ServerPlayer/NetworkRandomNumberGenerator":{"state":8250955699643033414},"/root/RpcGame/ClientPlayer":{"fixed_position_x":50397184,"fixed_position_y":24379392,"velocity_x":0,"velocity_y":0,"is_on_floor":true,"teleporting":false},"/root/RpcGame/ClientPlayer/NetworkRandomNumberGenerator":{"state":5078045508736938332},"/root/RpcGame/Johnny":{"state":2302453309315703504},"$":3441260014}}
{"frame_type":2,"tick":41,"start_time":1705854804298,"end_time":1705854804298,"duration":0.106,"log_type":1}
{"frame_type":2,"tick":41,"start_time":1705854804304,"end_time":1705854804304,"duration":0.009,"log_type":1}
{"frame_type":1,"tick":42,"start_time":1705854804311,"input_complete_tick":43,"state_complete_tick":41,"rollback_ticks":9,"timings":{"rollback":1.121,"current_tick":0.095},"input_tick":44,"end_time":1705854804313,"duration":1.291,"log_type":1}
{"log_type":3,"tick":44,"input":{"1":{"/root/RpcGame/ServerPlayer":{"input_vector_x":0,"input_vector_y":0},"$":2082077540}}}
{"log_type":2,"tick":42,"state":{"/root/SyncManager/SpawnManager":{"spawn_records":{},"counter":{}},"/root/RpcGame/ServerPlayer":{"fixed_position_x":9633792,"fixed_position_y":24379392,"velocity_x":0,"velocity_y":0,"is_on_floor":true,"teleporting":false},"/root/RpcGame/ServerPlayer/NetworkRandomNumberGenerator":{"state":8250955699643033414},"/root/RpcGame/ClientPlayer":{"fixed_position_x":50397184,"fixed_position_y":24379392,"velocity_x":0,"velocity_y":0,"is_on_floor":true,"teleporting":false},"/root/RpcGame/ClientPlayer/NetworkRandomNumberGenerator":{"state":5078045508736938332},"/root/RpcGame/Johnny":{"state":2302453309315703504},"$":3441260014}}
{"frame_type":2,"tick":42,"start_time":1705854804313,"end_time":1705854804313,"duration":0.108,"log_type":1}
{"frame_type":2,"tick":42,"start_time":1705854804318,"end_time":1705854804318,"duration":0.009,"log_type":1}
{"frame_type":2,"tick":42,"start_time":1705854804325,"end_time":1705854804325,"duration":0.01,"log_type":1}
{"frame_type":1,"tick":43,"start_time":1705854804332,"input_complete_tick":44,"state_complete_tick":42,"rollback_ticks":3,"timings":{"rollback":0.462,"current_tick":0.095},"input_tick":45,"end_time":1705854804333,"duration":0.637,"log_type":1}
{"log_type":3,"tick":45,"input":{"1":{"/root/RpcGame/ServerPlayer":{"input_vector_x":0,"input_vector_y":0},"$":2082077540}}}
{"log_type":2,"tick":43,"state":{"/root/SyncManager/SpawnManager":{"spawn_records":{},"counter":{}},"/root/RpcGame/ServerPlayer":{"fixed_position_x":9633792,"fixed_position_y":24379392,"velocity_x":0,"velocity_y":0,"is_on_floor":true,"teleporting":false},"/root/RpcGame/ServerPlayer/NetworkRandomNumberGenerator":{"state":8250955699643033414},"/root/RpcGame/ClientPlayer":{"fixed_position_x":50397184,"fixed_position_y":24379392,"velocity_x":0,"velocity_y":0,"is_on_floor":true,"teleporting":false},"/root/RpcGame/ClientPlayer/NetworkRandomNumberGenerator":{"state":5078045508736938332},"/root/RpcGame/Johnny":{"state":2302453309315703504},"$":3441260014}}
{"frame_type":2,"tick":43,"start_time":1705854804333,"end_time":1705854804333,"duration":0.109,"log_type":1}
{"frame_type":2,"tick":43,"start_time":1705854804339,"end_time":1705854804339,"duration":0.01,"log_type":1}
{"frame_type":1,"tick":44,"start_time":1705854804346,"input_complete_tick":45,"state_complete_tick":43,"input_tick":46,"timings":{"current_tick":0.139},"end_time":1705854804346,"duration":0.251,"log_type":1}
{"log_type":3,"tick":46,"input":{"1":{"/root/RpcGame/ServerPlayer":{"input_vector_x":0,"input_vector_y":0},"$":2082077540}}}
{"log_type":2,"tick":44,"state":{"/root/SyncManager/SpawnManager":{"spawn_records":{},"counter":{}},"/root/RpcGame/ServerPlayer":{"fixed_position_x":9633792,"fixed_position_y":24379392,"velocity_x":0,"velocity_y":0,"is_on_floor":true,"teleporting":false},"/root/RpcGame/ServerPlayer/NetworkRandomNumberGenerator":{"state":8250955699643033414},"/root/RpcGame/ClientPlayer":{"fixed_position_x":50397184,"fixed_position_y":24379392,"velocity_x":0,"velocity_y":0,"is_on_floor":true,"teleporting":false},"/root/RpcGame/ClientPlayer/NetworkRandomNumberGenerator":{"state":5078045508736938332},"/root/RpcGame/Johnny":{"state":2302453309315703504},"$":3441260014}}
{"frame_type":2,"tick":44,"start_time":1705854804346,"end_time":1705854804346,"duration":0.133,"log_type":1}
{"frame_type":2,"tick":44,"start_time":1705854804353,"end_time":1705854804353,"duration":0.009,"log_type":1}
{"frame_type":2,"tick":44,"start_time":1705854804360,"end_time":1705854804360,"duration":0.009,"log_type":1}
{"frame_type":1,"tick":45,"start_time":1705854804367,"input_complete_tick":46,"state_complete_tick":44,"rollback_ticks":4,"timings":{"rollback":0.553,"current_tick":0.109},"input_tick":47,"end_time":1705854804368,"duration":0.739,"log_type":1}
{"log_type":3,"tick":47,"input":{"1":{"/root/RpcGame/ServerPlayer":{"input_vector_x":0,"input_vector_y":0},"$":2082077540}}}
{"log_type":2,"tick":45,"state":{"/root/SyncManager/SpawnManager":{"spawn_records":{},"counter":{}},"/root/RpcGame/ServerPlayer":{"fixed_position_x":9633792,"fixed_position_y":24379392,"velocity_x":0,"velocity_y":0,"is_on_floor":true,"teleporting":false},"/root/RpcGame/ServerPlayer/NetworkRandomNumberGenerator":{"state":8250955699643033414},"/root/RpcGame/ClientPlayer":{"fixed_position_x":50397184,"fixed_position_y":24379392,"velocity_x":0,"velocity_y":0,"is_on_floor":true,"teleporting":false},"/root/RpcGame/ClientPlayer/NetworkRandomNumberGenerator":{"state":5078045508736938332},"/root/RpcGame/Johnny":{"state":2302453309315703504},"$":3441260014}}
{"frame_type":2,"tick":45,"start_time":1705854804368,"end_time":1705854804368,"duration":0.106,"log_type":1}
{"frame_type":2,"tick":45,"start_time":1705854804374,"end_time":1705854804374,"duration":0.01,"log_type":1}
{"frame_type":1,"tick":46,"start_time":1705854804381,"input_complete_tick":47,"state_complete_tick":45,"rollback_ticks":1,"timings":{"rollback":0.216,"current_tick":0.12},"input_tick":48,"end_time":1705854804381,"duration":0.438,"log_type":1}
{"log_type":3,"tick":48,"input":{"1":{"/root/RpcGame/ServerPlayer":{"input_vector_x":0,"input_vector_y":0},"$":2082077540}}}
{"log_type":2,"tick":46,"state":{"/root/SyncManager/SpawnManager":{"spawn_records":{},"counter":{}},"/root/RpcGame/ServerPlayer":{"fixed_position_x":9633792,"fixed_position_y":24379392,"velocity_x":0,"velocity_y":0,"is_on_floor":true,"teleporting":false},"/root/RpcGame/ServerPlayer/NetworkRandomNumberGenerator":{"state":8250955699643033414},"/root/RpcGame/ClientPlayer":{"fixed_position_x":50397184,"fixed_position_y":24379392,"velocity_x":0,"velocity_y":0,"is_on_floor":true,"teleporting":false},"/root/RpcGame/ClientPlayer/NetworkRandomNumberGenerator":{"state":5078045508736938332},"/root/RpcGame/Johnny":{"state":2302453309315703504},"$":3441260014}}
{"frame_type":2,"tick":46,"start_time":1705854804381,"end_time":1705854804381,"duration":0.133,"log_type":1}
{"frame_type":2,"tick":46,"start_time":1705854804388,"end_time":1705854804388,"duration":0.009,"log_type":1}
{"frame_type":1,"tick":47,"start_time":1705854804395,"input_complete_tick":48,"state_complete_tick":46,"input_tick":49,"timings":{"current_tick":0.136},"end_time":1705854804395,"duration":0.236,"log_type":1}
{"log_type":3,"tick":49,"input":{"1":{"/root/RpcGame/ServerPlayer":{"input_vector_x":0,"input_vector_y":0},"$":2082077540}}}
{"log_type":2,"tick":47,"state":{"/root/SyncManager/SpawnManager":{"spawn_records":{},"counter":{}},"/root/RpcGame/ServerPlayer":{"fixed_position_x":9633792,"fixed_position_y":24379392,"velocity_x":0,"velocity_y":0,"is_on_floor":true,"teleporting":false},"/root/RpcGame/ServerPlayer/NetworkRandomNumberGenerator":{"state":8250955699643033414},"/root/RpcGame/ClientPlayer":{"fixed_position_x":50397184,"fixed_position_y":24379392,"velocity_x":0,"velocity_y":0,"is_on_floor":true,"teleporting":false},"/root/RpcGame/ClientPlayer/NetworkRandomNumberGenerator":{"state":5078045508736938332},"/root/RpcGame/Johnny":{"state":2302453309315703504},"$":3441260014}}
{"frame_type":2,"tick":47,"start_time":1705854804395,"end_time":1705854804395,"duration":0.148,"log_type":1}
{"frame_type":2,"tick":47,"start_time":1705854804402,"end_time":1705854804402,"duration":0.009,"log_type":1}
{"frame_type":2,"tick":47,"start_time":1705854804409,"end_time":1705854804409,"duration":0.01,"log_type":1}
{"frame_type":1,"tick":48,"start_time":1705854804415,"input_complete_tick":49,"state_complete_tick":47,"rollback_ticks":8,"timings":{"rollback":0.946,"current_tick":0.126},"input_tick":50,"end_time":1705854804417,"duration":1.148,"log_type":1}
{"log_type":3,"tick":50,"input":{"1":{"/root/RpcGame/ServerPlayer":{"input_vector_x":0,"input_vector_y":0},"$":2082077540}}}
{"log_type":2,"tick":48,"state":{"/root/SyncManager/SpawnManager":{"spawn_records":{},"counter":{}},"/root/RpcGame/ServerPlayer":{"fixed_position_x":9633792,"fixed_position_y":24379392,"velocity_x":0,"velocity_y":0,"is_on_floor":true,"teleporting":false},"/root/RpcGame/ServerPlayer/NetworkRandomNumberGenerator":{"state":8250955699643033414},"/root/RpcGame/ClientPlayer":{"fixed_position_x":50397184,"fixed_position_y":24379392,"velocity_x":0,"velocity_y":0,"is_on_floor":true,"teleporting":false},"/root/RpcGame/ClientPlayer/NetworkRandomNumberGenerator":{"state":5078045508736938332},"/root/RpcGame/Johnny":{"state":2302453309315703504},"$":3441260014}}
{"frame_type":2,"tick":48,"start_time":1705854804417,"end_time":1705854804417,"duration":0.111,"log_type":1}
{"frame_type":2,"tick":48,"start_time":1705854804422,"end_time":1705854804422,"duration":0.009,"log_type":1}
{"frame_type":1,"tick":49,"start_time":1705854804429,"input_complete_tick":50,"state_complete_tick":48,"rollback_ticks":6,"timings":{"rollback":0.735,"current_tick":0.113},"input_tick":51,"end_time":1705854804430,"duration":0.942,"log_type":1}
{"log_type":3,"tick":51,"input":{"1":{"/root/RpcGame/ServerPlayer":{"input_vector_x":0,"input_vector_y":0},"$":2082077540}}}
{"log_type":2,"tick":49,"state":{"/root/SyncManager/SpawnManager":{"spawn_records":{},"counter":{}},"/root/RpcGame/ServerPlayer":{"fixed_position_x":9633792,"fixed_position_y":24379392,"velocity_x":0,"velocity_y":0,"is_on_floor":true,"teleporting":false},"/root/RpcGame/ServerPlayer/NetworkRandomNumberGenerator":{"state":8250955699643033414},"/root/RpcGame/ClientPlayer":{"fixed_position_x":50397184,"fixed_position_y":24379392,"velocity_x":0,"velocity_y":0,"is_on_floor":true,"teleporting":false},"/root/RpcGame/ClientPlayer/NetworkRandomNumberGenerator":{"state":5078045508736938332},"/root/RpcGame/Johnny":{"state":2302453309315703504},"$":3441260014}}
{"frame_type":2,"tick":49,"start_time":1705854804430,"end_time":1705854804430,"duration":0.106,"log_type":1}
{"frame_type":2,"tick":49,"start_time":1705854804436,"end_time":1705854804436,"duration":0.01,"log_type":1}
{"frame_type":2,"tick":49,"start_time":1705854804443,"end_time":1705854804443,"duration":0.009,"log_type":1}
{"frame_type":1,"tick":50,"start_time":1705854804450,"input_complete_tick":51,"state_complete_tick":49,"rollback_ticks":6,"timings":{"rollback":0.781,"current_tick":0.117},"input_tick":52,"end_time":1705854804451,"duration":0.994,"log_type":1}
{"log_type":3,"tick":52,"input":{"1":{"/root/RpcGame/ServerPlayer":{"input_vector_x":0,"input_vector_y":0},"$":2082077540}}}
{"log_type":2,"tick":50,"state":{"/root/SyncManager/SpawnManager":{"spawn_records":{},"counter":{}},"/root/RpcGame/ServerPlayer":{"fixed_position_x":9633792,"fixed_position_y":24379392,"velocity_x":0,"velocity_y":0,"is_on_floor":true,"teleporting":false},"/root/RpcGame/ServerPlayer/NetworkRandomNumberGenerator":{"state":8250955699643033414},"/root/RpcGame/ClientPlayer":{"fixed_position_x":50397184,"fixed_position_y":24379392,"velocity_x":0,"velocity_y":0,"is_on_floor":true,"teleporting":false},"/root/RpcGame/ClientPlayer/NetworkRandomNumberGenerator":{"state":5078045508736938332},"/root/RpcGame/Johnny":{"state":2302453309315703504},"$":3441260014}}
{"frame_type":2,"tick":50,"start_time":1705854804451,"end_time":1705854804451,"duration":0.129,"log_type":1}
{"frame_type":2,"tick":50,"start_time":1705854804457,"end_time":1705854804457,"duration":0.01,"log_type":1}
{"frame_type":1,"tick":51,"start_time":1705854804464,"input_complete_tick":52,"state_complete_tick":50,"rollback_ticks":6,"timings":{"rollback":0.818,"current_tick":0.133},"input_tick":53,"end_time":1705854804465,"duration":1.045,"log_type":1}
{"log_type":3,"tick":53,"input":{"1":{"/root/RpcGame/ServerPlayer":{"input_vector_x":0,"input_vector_y":0},"$":2082077540}}}
{"log_type":2,"tick":51,"state":{"/root/SyncManager/SpawnManager":{"spawn_records":{},"counter":{}},"/root/RpcGame/ServerPlayer":{"fixed_position_x":9633792,"fixed_position_y":24379392,"velocity_x":0,"velocity_y":0,"is_on_floor":true,"teleporting":false},"/root/RpcGame/ServerPlayer/NetworkRandomNumberGenerator":{"state":8250955699643033414},"/root/RpcGame/ClientPlayer":{"fixed_position_x":50397184,"fixed_position_y":24379392,"velocity_x":0,"velocity_y":0,"is_on_floor":true,"teleporting":false},"/root/RpcGame/ClientPlayer/NetworkRandomNumberGenerator":{"state":5078045508736938332},"/root/RpcGame/Johnny":{"state":2302453309315703504},"$":3441260014}}
{"frame_type":2,"tick":51,"start_time":1705854804465,"end_time":1705854804465,"duration":0.137,"log_type":1}
{"frame_type":2,"tick":51,"start_time":1705854804471,"end_time":1705854804471,"duration":0.01,"log_type":1}
{"frame_type":1,"tick":52,"start_time":1705854804478,"input_complete_tick":53,"state_complete_tick":51,"rollback_ticks":2,"timings":{"rollback":0.318,"current_tick":0.112},"input_tick":54,"end_time":1705854804478,"duration":0.519,"log_type":1}
{"log_type":3,"tick":54,"input":{"1":{"/root/RpcGame/ServerPlayer":{"input_vector_x":0,"input_vector_y":0},"$":2082077540}}}
{"log_type":2,"tick":52,"state":{"/root/SyncManager/SpawnManager":{"spawn_records":{},"counter":{}},"/root/RpcGame/ServerPlayer":{"fixed_position_x":9633792,"fixed_position_y":24379392,"velocity_x":0,"velocity_y":0,"is_on_floor":true,"teleporting":false},"/root/RpcGame/ServerPlayer/NetworkRandomNumberGenerator":{"state":8250955699643033414},"/root/RpcGame/ClientPlayer":{"fixed_position_x":50397184,"fixed_position_y":24379392,"velocity_x":0,"velocity_y":0,"is_on_floor":true,"teleporting":false},"/root/RpcGame/ClientPlayer/NetworkRandomNumberGenerator":{"state":5078045508736938332},"/root/RpcGame/Johnny":{"state":2302453309315703504},"$":3441260014}}
{"frame_type":2,"tick":52,"start_time":1705854804478,"end_time":1705854804479,"duration":0.159,"log_type":1}
{"frame_type":2,"tick":52,"start_time":1705854804485,"end_time":1705854804485,"duration":0.01,"log_type":1}
{"frame_type":2,"tick":52,"start_time":1705854804492,"end_time":1705854804492,"duration":0.008,"log_type":1}
{"frame_type":1,"tick":53,"start_time":1705854804499,"input_complete_tick":54,"state_complete_tick":52,"rollback_ticks":7,"timings":{"rollback":0.72,"current_tick":0.127},"input_tick":55,"end_time":1705854804500,"duration":0.923,"log_type":1}
{"log_type":3,"tick":55,"input":{"1":{"/root/RpcGame/ServerPlayer":{"input_vector_x":0,"input_vector_y":0},"$":2082077540}}}
{"log_type":2,"tick":53,"state":{"/root/SyncManager/SpawnManager":{"spawn_records":{},"counter":{}},"/root/RpcGame/ServerPlayer":{"fixed_position_x":9633792,"fixed_position_y":24379392,"velocity_x":0,"velocity_y":0,"is_on_floor":true,"teleporting":false},"/root/RpcGame/ServerPlayer/NetworkRandomNumberGenerator":{"state":8250955699643033414},"/root/RpcGame/ClientPlayer":{"fixed_position_x":50397184,"fixed_position_y":24379392,"velocity_x":0,"velocity_y":0,"is_on_floor":true,"teleporting":false},"/root/RpcGame/ClientPlayer/NetworkRandomNumberGenerator":{"state":5078045508736938332},"/root/RpcGame/Johnny":{"state":2302453309315703504},"$":3441260014}}
{"frame_type":2,"tick":53,"start_time":1705854804500,"end_time":1705854804500,"duration":0.107,"log_type":1}
{"frame_type":2,"tick":53,"start_time":1705854804506,"end_time":1705854804506,"duration":0.01,"log_type":1}
{"frame_type":1,"tick":54,"start_time":1705854804513,"input_complete_tick":55,"state_complete_tick":53,"rollback_ticks":9,"timings":{"rollback":0.919,"current_tick":0.088},"input_tick":56,"end_time":1705854804514,"duration":1.078,"log_type":1}
{"log_type":3,"tick":56,"input":{"1":{"/root/RpcGame/ServerPlayer":{"input_vector_x":0,"input_vector_y":0},"$":2082077540}}}
{"log_type":2,"tick":54,"state":{"/root/SyncManager/SpawnManager":{"spawn_records":{},"counter":{}},"/root/RpcGame/ServerPlayer":{"fixed_position_x":9633792,"fixed_position_y":24379392,"velocity_x":0,"velocity_y":0,"is_on_floor":true,"teleporting":false},"/root/RpcGame/ServerPlayer/NetworkRandomNumberGenerator":{"state":8250955699643033414},"/root/RpcGame/ClientPlayer":{"fixed_position_x":50397184,"fixed_position_y":24379392,"velocity_x":0,"velocity_y":0,"is_on_floor":true,"teleporting":false},"/root/RpcGame/ClientPlayer/NetworkRandomNumberGenerator":{"state":5078045508736938332},"/root/RpcGame/Johnny":{"state":2302453309315703504},"$":3441260014}}
{"frame_type":2,"tick":54,"start_time":1705854804514,"end_time":1705854804514,"duration":0.106,"log_type":1}
{"frame_type":2,"tick":54,"start_time":1705854804520,"end_time":1705854804520,"duration":0.009,"log_type":1}
{"frame_type":2,"tick":54,"start_time":1705854804526,"end_time":1705854804526,"duration":0.009,"log_type":1}
{"frame_type":1,"tick":55,"start_time":1705854804533,"input_complete_tick":56,"state_complete_tick":54,"rollback_ticks":4,"timings":{"rollback":0.536,"current_tick":0.106},"input_tick":57,"end_time":1705854804534,"duration":0.771,"log_type":1}
{"log_type":3,"tick":57,"input":{"1":{"/root/RpcGame/ServerPlayer":{"input_vector_x":0,"input_vector_y":0},"$":2082077540}}}
{"log_type":2,"tick":55,"state":{"/root/SyncManager/SpawnManager":{"spawn_records":{},"counter":{}},"/root/RpcGame/ServerPlayer":{"fixed_position_x":9633792,"fixed_position_y":24379392,"velocity_x":0,"velocity_y":0,"is_on_floor":true,"teleporting":false},"/root/RpcGame/ServerPlayer/NetworkRandomNumberGenerator":{"state":8250955699643033414},"/root/RpcGame/ClientPlayer":{"fixed_position_x":50397184,"fixed_position_y":24379392,"velocity_x":0,"velocity_y":0,"is_on_floor":true,"teleporting":false},"/root/RpcGame/ClientPlayer/NetworkRandomNumberGenerator":{"state":5078045508736938332},"/root/RpcGame/Johnny":{"state":2302453309315703504},"$":3441260014}}
{"frame_type":2,"tick":55,"start_time":1705854804534,"end_time":1705854804534,"duration":0.108,"log_type":1}
{"frame_type":2,"tick":55,"start_time":1705854804540,"end_time":1705854804540,"duration":0.009,"log_type":1}
{"frame_type":1,"tick":56,"start_time":1705854804547,"input_complete_tick":57,"state_complete_tick":55,"input_tick":58,"timings":{"current_tick":0.139},"end_time":1705854804548,"duration":0.237,"log_type":1}
{"log_type":3,"tick":58,"input":{"1":{"/root/RpcGame/ServerPlayer":{"input_vector_x":0,"input_vector_y":0},"$":2082077540}}}
{"log_type":2,"tick":56,"state":{"/root/SyncManager/SpawnManager":{"spawn_records":{},"counter":{}},"/root/RpcGame/ServerPlayer":{"fixed_position_x":9633792,"fixed_position_y":24379392,"velocity_x":0,"velocity_y":0,"is_on_floor":true,"teleporting":false},"/root/RpcGame/ServerPlayer/NetworkRandomNumberGenerator":{"state":8250955699643033414},"/root/RpcGame/ClientPlayer":{"fixed_position_x":50397184,"fixed_position_y":24379392,"velocity_x":0,"velocity_y":0,"is_on_floor":true,"teleporting":false},"/root/RpcGame/ClientPlayer/NetworkRandomNumberGenerator":{"state":5078045508736938332},"/root/RpcGame/Johnny":{"state":2302453309315703504},"$":3441260014}}
{"frame_type":2,"tick":56,"start_time":1705854804548,"end_time":1705854804548,"duration":0.143,"log_type":1}
{"frame_type":2,"tick":56,"start_time":1705854804554,"end_time":1705854804554,"duration":0.01,"log_type":1}
{"frame_type":1,"tick":57,"start_time":1705854804561,"input_complete_tick":58,"state_complete_tick":56,"rollback_ticks":9,"timings":{"rollback":1.078,"current_tick":0.091},"input_tick":59,"end_time":1705854804562,"duration":1.244,"log_type":1}
{"log_type":3,"tick":59,"input":{"1":{"/root/RpcGame/ServerPlayer":{"input_vector_x":0,"input_vector_y":0},"$":2082077540}}}
{"log_type":2,"tick":57,"state":{"/root/SyncManager/SpawnManager":{"spawn_records":{},"counter":{}},"/root/RpcGame/ServerPlayer":{"fixed_position_x":9633792,"fixed_position_y":24379392,"velocity_x":0,"velocity_y":0,"is_on_floor":true,"teleporting":false},"/root/RpcGame/ServerPlayer/NetworkRandomNumberGenerator":{"state":8250955699643033414},"/root/RpcGame/ClientPlayer":{"fixed_position_x":50397184,"fixed_position_y":24379392,"velocity_x":0,"velocity_y":0,"is_on_floor":true,"teleporting":false},"/root/RpcGame/ClientPlayer/NetworkRandomNumberGenerator":{"state":5078045508736938332},"/root/RpcGame/Johnny":{"state":2302453309315703504},"$":3441260014}}
{"frame_type":2,"tick":57,"start_time":1705854804563,"end_time":1705854804563,"duration":0.103,"log_type":1}
{"frame_type":2,"tick":57,"start_time":1705854804568,"end_time":1705854804568,"duration":0.009,"log_type":1}
{"frame_type":2,"tick":57,"start_time":1705854804575,"end_time":1705854804575,"duration":0.01,"log_type":1}
{"frame_type":1,"tick":58,"start_time":1705854804582,"input_complete_tick":59,"state_complete_tick":57,"rollback_ticks":4,"timings":{"rollback":0.568,"current_tick":0.115},"input_tick":60,"end_time":1705854804583,"duration":0.775,"log_type":1}
{"log_type":3,"tick":60,"input":{"1":{"/root/RpcGame/ServerPlayer":{"input_vector_x":0,"input_vector_y":0},"$":2082077540}}}
{"log_type":2,"tick":58,"state":{"/root/SyncManager/SpawnManager":{"spawn_records":{},"counter":{}},"/root/RpcGame/ServerPlayer":{"fixed_position_x":9633792,"fixed_position_y":24379392,"velocity_x":0,"velocity_y":0,"is_on_floor":true,"teleporting":false},"/root/RpcGame/ServerPlayer/NetworkRandomNumberGenerator":{"state":8250955699643033414},"/root/RpcGame/ClientPlayer":{"fixed_position_x":50397184,"fixed_position_y":24379392,"velocity_x":0,"velocity_y":0,"is_on_floor":true,"teleporting":false},"/root/RpcGame/ClientPlayer/NetworkRandomNumberGenerator":{"state":5078045508736938332},"/root/RpcGame/Johnny":{"state":2302453309315703504},"$":3441260014}}
{"frame_type":2,"tick":58,"start_time":1705854804583,"end_time":1705854804583,"duration":0.177,"log_type":1}
{"frame_type":2,"tick":58,"start_time":1705854804589,"end_time":1705854804589,"duration":0.009,"log_type":1}
{"frame_type":1,"tick":59,"start_time":1705854804596,"input_complete_tick":60,"state_complete_tick":58,"rollback_ticks":3,"timings":{"rollback":0.44,"current_tick":0.144},"input_tick":61,"end_time":1705854804597,"duration":0.707,"log_type":1}
{"log_type":3,"tick":61,"input":{"1":{"/root/RpcGame/ServerPlayer":{"input_vector_x":0,"input_vector_y":0},"$":2082077540}}}
{"log_type":2,"tick":59,"state":{"/root/SyncManager/SpawnManager":{"spawn_records":{},"counter":{}},"/root/RpcGame/ServerPlayer":{"fixed_position_x":9633792,"fixed_position_y":24379392,"velocity_x":0,"velocity_y":0,"is_on_floor":true,"teleporting":false},"/root/RpcGame/ServerPlayer/NetworkRandomNumberGenerator":{"state":8250955699643033414},"/root/RpcGame/ClientPlayer":{"fixed_position_x":50397184,"fixed_position_y":24379392,"velocity_x":0,"velocity_y":0,"is_on_floor":true,"teleporting":false},"/root/RpcGame/ClientPlayer/NetworkRandomNumberGenerator":{"state":5078045508736938332},"/root/RpcGame/Johnny":{"state":2302453309315703504},"$":3441260014}}
{"frame_type":2,"tick":59,"start_time":1705854804597,"end_time":1705854804597,"duration":0.14,"log_type":1}
{"frame_type":2,"tick":59,"start_time":1705854804603,"end_time":1705854804603,"duration":0.014,"log_type":1}
{"frame_type":2,"tick":59,"start_time":1705854804610,"end_time":1705854804610,"duration":0.009,"log_type":1}
{"frame_type":1,"tick":60,"start_time":1705854804617,"input_complete_tick":61,"state_complete_tick":59,"rollback_ticks":5,"timings":{"rollback":0.656,"current_tick":0.138},"input_tick":62,"end_time":1705854804618,"duration":0.928,"log_type":1}
{"log_type":3,"tick":62,"input":{"1":{"/root/RpcGame/ServerPlayer":{"input_vector_x":0,"input_vector_y":0},"$":2082077540}}}
{"log_type":2,"tick":60,"state":{"/root/SyncManager/SpawnManager":{"spawn_records":{},"counter":{}},"/root/RpcGame/ServerPlayer":{"fixed_position_x":9633792,"fixed_position_y":24379392,"velocity_x":0,"velocity_y":0,"is_on_floor":true,"teleporting":false},"/root/RpcGame/ServerPlayer/NetworkRandomNumberGenerator":{"state":8250955699643033414},"/root/RpcGame/ClientPlayer":{"fixed_position_x":50397184,"fixed_position_y":24379392,"velocity_x":0,"velocity_y":0,"is_on_floor":true,"teleporting":false},"/root/RpcGame/ClientPlayer/NetworkRandomNumberGenerator":{"state":5078045508736938332},"/root/RpcGame/Johnny":{"state":2302453309315703504},"$":3441260014}}
{"frame_type":2,"tick":60,"start_time":1705854804618,"end_time":1705854804618,"duration":0.141,"log_type":1}
{"frame_type":2,"tick":60,"start_time":1705854804624,"end_time":1705854804624,"duration":0.01,"log_type":1}
{"frame_type":1,"tick":61,"start_time":1705854804631,"input_complete_tick":62,"state_complete_tick":60,"rollback_ticks":2,"timings":{"rollback":0.333,"current_tick":0.11},"input_tick":63,"end_time":1705854804631,"duration":0.535,"log_type":1}
{"log_type":3,"tick":63,"input":{"1":{"/root/RpcGame/ServerPlayer":{"input_vector_x":0,"input_vector_y":0},"$":2082077540}}}
{"log_type":2,"tick":61,"state":{"/root/SyncManager/SpawnManager":{"spawn_records":{},"counter":{}},"/root/RpcGame/ServerPlayer":{"fixed_position_x":9633792,"fixed_position_y":24379392,"velocity_x":0,"velocity_y":0,"is_on_floor":true,"teleporting":false},"/root/RpcGame/ServerPlayer/NetworkRandomNumberGenerator":{"state":8250955699643033414},"/root/RpcGame/ClientPlayer":{"fixed_position_x":50397184,"fixed_position_y":24379392,"velocity_x":0,"velocity_y":0,"is_on_floor":true,"teleporting":false},"/root/RpcGame/ClientPlayer/NetworkRandomNumberGenerator":{"state":5078045508736938332},"/root/RpcGame/Johnny":{"state":2302453309315703504},"$":3441260014}}
{"frame_type":2,"tick":61,"start_time":1705854804631,"end_time":1705854804631,"duration":0.127,"log_type":1}
{"frame_type":2,"tick":61,"start_time":1705854804638,"end_time":1705854804638,"duration":0.01,"log_type":1}
{"frame_type":1,"tick":62,"start_time":1705854804645,"input_complete_tick":63,"state_complete_tick":61,"rollback_ticks":3,"timings":{"rollback":0.452,"current_tick":0.091},"input_tick":64,"end_time":1705854804645,"duration":0.619,"log_type":1}
{"log_type":3,"tick":64,"input":{"1":{"/root/RpcGame/ServerPlayer":{"input_vector_x":0,"input_vector_y":0},"$":2082077540}}}
{"log_type":2,"tick":62,"state":{"/root/SyncManager/SpawnManager":{"spawn_records":{},"counter":{}},"/root/RpcGame/ServerPlayer":{"fixed_position_x":9633792,"fixed_position_y":24379392,"velocity_x":0,"velocity_y":0,"is_on_floor":true,"teleporting":false},"/root/RpcGame/ServerPlayer/NetworkRandomNumberGenerator":{"state":8250955699643033414},"/root/RpcGame/ClientPlayer":{"fixed_position_x":50397184,"fixed_position_y":24379392,"velocity_x":0,"velocity_y":0,"is_on_floor":true,"teleporting":false},"/root/RpcGame/ClientPlayer/NetworkRandomNumberGenerator":{"state":5078045508736938332},"/root/RpcGame/Johnny":{"state":2302453309315703504},"$":3441260014}}
{"frame_type":2,"tick":62,"start_time":1705854804645,"end_time":1705854804645,"duration":0.103,"log_type":1}
{"frame_type":2,"tick":62,"start_time":1705854804652,"end_time":1705854804652,"duration":0.009,"log_type":1}
{"frame_type":2,"tick":62,"start_time":1705854804658,"end_time":1705854804658,"duration":0.009,"log_type":1}
{"frame_type":1,"tick":63,"start_time":1705854804672,"input_complete_tick":64,"state_complete_tick":62,"rollback_ticks":8,"timings":{"rollback":0.75,"current_tick":0.088},"input_tick":65,"end_time":1705854804673,"duration":0.919,"log_type":1}
{"log_type":3,"tick":65,"input":{"1":{"/root/RpcGame/ServerPlayer":{"input_vector_x":0,"input_vector_y":0},"$":2082077540}}}
{"log_type":2,"tick":63,"state":{"/root/SyncManager/SpawnManager":{"spawn_records":{},"counter":{}},"/root/RpcGame/ServerPlayer":{"fixed_position_x":9633792,"fixed_position_y":24379392,"velocity_x":0,"velocity_y":0,"is_on_floor":true,"teleporting":false},"/root/RpcGame/ServerPlayer/NetworkRandomNumberGenerator":{"state":8250955699643033414},"/root/RpcGame/ClientPlayer":{"fixed_position_x":50397184,"fixed_position_y":24379392,"velocity_x":0,"velocity_y":0,"is_on_floor":true,"teleporting":false},"/root/RpcGame/ClientPlayer/NetworkRandomNumberGenerator":{"state":5078045508736938332},"/root/RpcGame/Johnny":{"state":2302453309315703504},"$":3441260014}}
{"frame_type":2,"tick":63,"start_time":1705854804673,"end_time":1705854804674,"duration":0.107,"log_type":1}
{"frame_type":2,"tick":63,"start_time":1705854804674,"end_time":1705854804674,"duration":0.007,"log_type":1}
{"frame_type":1,"tick":64,"start_time":1705854804679,"input_complete_tick":65,"state_complete_tick":63,"input_tick":66,"timings":{"current_tick":0.149},"end_time":1705854804680,"duration":0.259,"log_type":1}
{"log_type":3,"tick":66,"input":{"1":{"/root/RpcGame/ServerPlayer":{"input_vector_x":0,"input_vector_y":0},"$":2082077540}}}
{"log_type":2,"tick":64,"state":{"/root/SyncManager/SpawnManager":{"spawn_records":{},"counter":{}},"/root/RpcGame/ServerPlayer":{"fixed_position_x":9633792,"fixed_position_y":24379392,"velocity_x":0,"velocity_y":0,"is_on_floor":true,"teleporting":false},"/root/RpcGame/ServerPlayer/NetworkRandomNumberGenerator":{"state":8250955699643033414},"/root/RpcGame/ClientPlayer":{"fixed_position_x":50397184,"fixed_position_y":24379392,"velocity_x":0,"velocity_y":0,"is_on_floor":true,"teleporting":false},"/root/RpcGame/ClientPlayer/NetworkRandomNumberGenerator":{"state":5078045508736938332},"/root/RpcGame/Johnny":{"state":2302453309315703504},"$":3441260014}}
{"frame_type":2,"tick":64,"start_time":1705854804680,"end_time":1705854804680,"duration":0.136,"log_type":1}
{"frame_type":2,"tick":64,"start_time":1705854804686,"end_time":1705854804686,"duration":0.01,"log_type":1}
{"frame_type":2,"tick":64,"start_time":1705854804693,"end_time":1705854804693,"duration":0.016,"log_type":1}
{"frame_type":1,"tick":65,"start_time":1705854804700,"input_complete_tick":66,"state_complete_tick":64,"rollback_ticks":7,"timings":{"rollback":0.941,"current_tick":0.11},"input_tick":67,"end_time":1705854804701,"duration":1.165,"log_type":1}
{"log_type":3,"tick":67,"input":{"1":{"/root/RpcGame/ServerPlayer":{"input_vector_x":0,"input_vector_y":0},"$":2082077540}}}
{"log_type":2,"tick":65,"state":{"/root/SyncManager/SpawnManager":{"spawn_records":{},"counter":{}},"/root/RpcGame/ServerPlayer":{"fixed_position_x":9633792,"fixed_position_y":24379392,"velocity_x":0,"velocity_y":0,"is_on_floor":true,"teleporting":false},"/root/RpcGame/ServerPlayer/NetworkRandomNumberGenerator":{"state":8250955699643033414},"/root/RpcGame/ClientPlayer":{"fixed_position_x":50397184,"fixed_position_y":24379392,"velocity_x":0,"velocity_y":0,"is_on_floor":true,"teleporting":false},"/root/RpcGame/ClientPlayer/NetworkRandomNumberGenerator":{"state":5078045508736938332},"/root/RpcGame/Johnny":{"state":2302453309315703504},"$":3441260014}}
{"frame_type":2,"tick":65,"start_time":1705854804701,"end_time":1705854804702,"duration":0.134,"log_type":1}
{"frame_type":2,"tick":65,"start_time":1705854804707,"end_time":1705854804707,"duration":0.009,"log_type":1}
{"frame_type":1,"tick":66,"start_time":1705854804714,"input_complete_tick":67,"state_complete_tick":65,"rollback_ticks":2,"timings":{"rollback":0.39,"current_tick":0.115},"input_tick":68,"end_time":1705854804715,"duration":0.623,"log_type":1}
{"log_type":3,"tick":68,"input":{"1":{"/root/RpcGame/ServerPlayer":{"input_vector_x":0,"input_vector_y":0},"$":2082077540}}}
{"log_type":2,"tick":66,"state":{"/root/SyncManager/SpawnManager":{"spawn_records":{},"counter":{}},"/root/RpcGame/ServerPlayer":{"fixed_position_x":9633792,"fixed_position_y":24379392,"velocity_x":0,"velocity_y":0,"is_on_floor":true,"teleporting":false},"/root/RpcGame/ServerPlayer/NetworkRandomNumberGenerator":{"state":8250955699643033414},"/root/RpcGame/ClientPlayer":{"fixed_position_x":50397184,"fixed_position_y":24379392,"velocity_x":0,"velocity_y":0,"is_on_floor":true,"teleporting":fa